PDF X_train shape: (13190, 3514)
PDF X_test shape: (6146, 3514)
PDF X_attack shape: (1600, 3514)
training from scratch
training for 10 epochs with lr=0.00010, beta=1.00
Iter 1, ELBO=-1897.37643, p(x|z)=-1893.12741, p(y|z)=-0.71890, KL=3.53016, time=6.88
Iter 2, ELBO=-524.89235, p(x|z)=-493.10997, p(y|z)=-0.61913, KL=31.16325, time=6.11
Iter 3, ELBO=-217.16965, p(x|z)=-192.44574, p(y|z)=-0.68812, KL=24.03580, time=5.86
Iter 4, ELBO=-172.09980, p(x|z)=-164.68868, p(y|z)=-0.75107, KL=6.66005, time=5.87
Iter 5, ELBO=-163.63423, p(x|z)=-158.79696, p(y|z)=-0.64275, KL=4.19452, time=6.06
Iter 6, ELBO=-158.61287, p(x|z)=-154.05155, p(y|z)=-0.53428, KL=4.02704, time=5.89
Iter 7, ELBO=-153.50268, p(x|z)=-147.89552, p(y|z)=-0.42293, KL=5.18424, time=5.95
Iter 8, ELBO=-148.31348, p(x|z)=-141.17355, p(y|z)=-0.37995, KL=6.75998, time=6.02
Iter 9, ELBO=-144.02856, p(x|z)=-136.87364, p(y|z)=-0.37331, KL=6.78161, time=5.78
Iter 10, ELBO=-139.51702, p(x|z)=-132.12549, p(y|z)=-0.36099, KL=7.03054, time=7.52
train data approx log likelihood logpxy=-136.13, bound=-134.83, time=190.22, beta=1.00
test data approx log likelihood logpxy=-133.56, bound=-132.44, time=85.01, beta=1.00
attack data approx log likelihood logpxy=-293.73, bound=-292.46, time=15.00, beta=1.00
parameters saved at save/pdf_conv_vae_F_512_beta_1_ll_xe/checkpoint_0.pkl
training for 10 epochs with lr=0.00010, beta=1.00
Iter 1, ELBO=-133.21370, p(x|z)=-124.95400, p(y|z)=-0.31849, KL=7.94121, time=7.93
Iter 2, ELBO=-126.67061, p(x|z)=-117.75006, p(y|z)=-0.29388, KL=8.62667, time=7.56
Iter 3, ELBO=-121.12412, p(x|z)=-112.23495, p(y|z)=-0.27520, KL=8.61397, time=7.82
Iter 4, ELBO=-116.29985, p(x|z)=-107.92537, p(y|z)=-0.27081, KL=8.10367, time=7.96
Iter 5, ELBO=-112.98912, p(x|z)=-104.68474, p(y|z)=-0.26674, KL=8.03764, time=7.48
Iter 6, ELBO=-110.12912, p(x|z)=-101.53641, p(y|z)=-0.26378, KL=8.32893, time=5.57
Iter 7, ELBO=-107.76291, p(x|z)=-98.59733, p(y|z)=-0.25332, KL=8.91226, time=5.75
Iter 8, ELBO=-106.14371, p(x|z)=-96.94403, p(y|z)=-0.25069, KL=8.94899, time=5.74
Iter 9, ELBO=-104.50588, p(x|z)=-95.16607, p(y|z)=-0.25257, KL=9.08724, time=5.61
Iter 10, ELBO=-103.27768, p(x|z)=-93.85744, p(y|z)=-0.24998, KL=9.17026, time=5.56
train data approx log likelihood logpxy=-103.15, bound=-101.45, time=182.79, beta=1.00
test data approx log likelihood logpxy=-101.79, bound=-100.37, time=65.29, beta=1.00
attack data approx log likelihood logpxy=-303.38, bound=-302.87, time=13.43, beta=1.00
parameters saved at save/pdf_conv_vae_F_512_beta_1_ll_xe/checkpoint_0.pkl
training for 10 epochs with lr=0.00010, beta=1.00
Iter 1, ELBO=-102.02269, p(x|z)=-92.54172, p(y|z)=-0.25025, KL=9.23071, time=7.37
Iter 2, ELBO=-100.98083, p(x|z)=-91.25526, p(y|z)=-0.24041, KL=9.48516, time=7.05
Iter 3, ELBO=-99.83592, p(x|z)=-89.93709, p(y|z)=-0.23833, KL=9.66051, time=7.42
Iter 4, ELBO=-98.66316, p(x|z)=-88.74082, p(y|z)=-0.23544, KL=9.68690, time=7.13
Iter 5, ELBO=-97.74446, p(x|z)=-87.71385, p(y|z)=-0.22895, KL=9.80166, time=7.24
Iter 6, ELBO=-96.59590, p(x|z)=-86.32411, p(y|z)=-0.22268, KL=10.04910, time=6.93
Iter 7, ELBO=-95.82809, p(x|z)=-85.37819, p(y|z)=-0.21250, KL=10.23740, time=7.14
Iter 8, ELBO=-94.38519, p(x|z)=-83.79108, p(y|z)=-0.20156, KL=10.39255, time=6.93
Iter 9, ELBO=-93.13012, p(x|z)=-82.38375, p(y|z)=-0.19053, KL=10.55584, time=7.13
Iter 10, ELBO=-91.88434, p(x|z)=-80.93985, p(y|z)=-0.17641, KL=10.76808, time=7.40
train data approx log likelihood logpxy=-92.38, bound=-90.17, time=175.30, beta=1.00
test data approx log likelihood logpxy=-91.45, bound=-89.48, time=86.01, beta=1.00
attack data approx log likelihood logpxy=-304.36, bound=-303.31, time=11.30, beta=1.00
parameters saved at save/pdf_conv_vae_F_512_beta_1_ll_xe/checkpoint_0.pkl
training for 10 epochs with lr=0.00010, beta=1.00
Iter 1, ELBO=-90.47087, p(x|z)=-79.13332, p(y|z)=-0.16612, KL=11.17143, time=5.84
Iter 2, ELBO=-88.86400, p(x|z)=-77.37676, p(y|z)=-0.15425, KL=11.33298, time=5.47
Iter 3, ELBO=-87.35573, p(x|z)=-75.67818, p(y|z)=-0.14154, KL=11.53601, time=5.24
Iter 4, ELBO=-85.63800, p(x|z)=-73.76056, p(y|z)=-0.13159, KL=11.74585, time=5.19
Iter 5, ELBO=-84.33023, p(x|z)=-72.12731, p(y|z)=-0.12033, KL=12.08258, time=5.48
Iter 6, ELBO=-82.50029, p(x|z)=-69.89549, p(y|z)=-0.10903, KL=12.49577, time=5.38
Iter 7, ELBO=-80.60039, p(x|z)=-67.75768, p(y|z)=-0.09910, KL=12.74362, time=6.17
Iter 8, ELBO=-78.59309, p(x|z)=-65.49691, p(y|z)=-0.09998, KL=12.99620, time=7.82
Iter 9, ELBO=-76.64409, p(x|z)=-63.41843, p(y|z)=-0.10067, KL=13.12499, time=7.91
Iter 10, ELBO=-75.62261, p(x|z)=-62.03714, p(y|z)=-0.09799, KL=13.48748, time=8.26
train data approx log likelihood logpxy=-76.33, bound=-73.31, time=178.25, beta=1.00
test data approx log likelihood logpxy=-75.93, bound=-73.11, time=84.51, beta=1.00
attack data approx log likelihood logpxy=-305.58, bound=-304.45, time=15.30, beta=1.00
parameters saved at save/pdf_conv_vae_F_512_beta_1_ll_xe/checkpoint_0.pkl
training for 10 epochs with lr=0.00010, beta=1.00
Iter 1, ELBO=-73.31525, p(x|z)=-59.51342, p(y|z)=-0.09836, KL=13.70348, time=7.84
Iter 2, ELBO=-71.97546, p(x|z)=-58.15148, p(y|z)=-0.09686, KL=13.72712, time=8.17
Iter 3, ELBO=-70.45306, p(x|z)=-56.51065, p(y|z)=-0.10219, KL=13.84021, time=6.96
Iter 4, ELBO=-68.92455, p(x|z)=-55.03923, p(y|z)=-0.10061, KL=13.78471, time=7.62
Iter 5, ELBO=-68.12093, p(x|z)=-54.15240, p(y|z)=-0.10275, KL=13.86577, time=6.66
Iter 6, ELBO=-66.64004, p(x|z)=-52.80277, p(y|z)=-0.10221, KL=13.73506, time=5.50
Iter 7, ELBO=-65.50578, p(x|z)=-51.46366, p(y|z)=-0.09727, KL=13.94484, time=5.34
Iter 8, ELBO=-64.76291, p(x|z)=-50.79196, p(y|z)=-0.10793, KL=13.86302, time=5.64
Iter 9, ELBO=-64.19056, p(x|z)=-50.10421, p(y|z)=-0.10388, KL=13.98248, time=5.25
Iter 10, ELBO=-63.18385, p(x|z)=-49.17148, p(y|z)=-0.09738, KL=13.91500, time=5.29
train data approx log likelihood logpxy=-64.90, bound=-62.17, time=183.60, beta=1.00
test data approx log likelihood logpxy=-64.67, bound=-61.66, time=43.43, beta=1.00
attack data approx log likelihood logpxy=-303.57, bound=-302.21, time=7.78, beta=1.00
parameters saved at save/pdf_conv_vae_F_512_beta_1_ll_xe/checkpoint_0.pkl
training for 10 epochs with lr=0.00010, beta=1.00
Iter 1, ELBO=-62.47462, p(x|z)=-48.48833, p(y|z)=-0.09538, KL=13.89091, time=3.37
Iter 2, ELBO=-61.71092, p(x|z)=-47.76260, p(y|z)=-0.09804, KL=13.85027, time=3.19
Iter 3, ELBO=-60.90506, p(x|z)=-46.84579, p(y|z)=-0.09561, KL=13.96367, time=2.74
Iter 4, ELBO=-60.65638, p(x|z)=-46.43980, p(y|z)=-0.09014, KL=14.12645, time=3.02
Iter 5, ELBO=-59.69989, p(x|z)=-45.58626, p(y|z)=-0.08800, KL=14.02564, time=2.76
Iter 6, ELBO=-59.11048, p(x|z)=-44.86352, p(y|z)=-0.09334, KL=14.15362, time=2.78
Iter 7, ELBO=-59.03643, p(x|z)=-44.80807, p(y|z)=-0.08731, KL=14.14105, time=2.69
Iter 8, ELBO=-58.26640, p(x|z)=-44.07902, p(y|z)=-0.08648, KL=14.10090, time=2.74
Iter 9, ELBO=-57.99325, p(x|z)=-43.66157, p(y|z)=-0.08133, KL=14.25035, time=2.75
Iter 10, ELBO=-57.36502, p(x|z)=-42.97010, p(y|z)=-0.08205, KL=14.31287, time=2.79
train data approx log likelihood logpxy=-59.32, bound=-56.46, time=96.76, beta=1.00
test data approx log likelihood logpxy=-59.45, bound=-56.78, time=43.53, beta=1.00
attack data approx log likelihood logpxy=-298.11, bound=-296.37, time=7.10, beta=1.00
parameters saved at save/pdf_conv_vae_F_512_beta_1_ll_xe/checkpoint_0.pkl
training for 10 epochs with lr=0.00010, beta=1.00
Iter 1, ELBO=-56.66479, p(x|z)=-42.36537, p(y|z)=-0.07886, KL=14.22056, time=2.77
Iter 2, ELBO=-56.26704, p(x|z)=-41.92586, p(y|z)=-0.07567, KL=14.26550, time=2.66
Iter 3, ELBO=-55.74039, p(x|z)=-41.33783, p(y|z)=-0.07827, KL=14.32429, time=3.05
Iter 4, ELBO=-55.56366, p(x|z)=-41.13868, p(y|z)=-0.08703, KL=14.33796, time=3.57
Iter 5, ELBO=-54.80391, p(x|z)=-40.44054, p(y|z)=-0.07267, KL=14.29070, time=3.29
Iter 6, ELBO=-54.54320, p(x|z)=-40.04008, p(y|z)=-0.07607, KL=14.42705, time=3.90
Iter 7, ELBO=-54.17071, p(x|z)=-39.72819, p(y|z)=-0.07495, KL=14.36757, time=2.93
Iter 8, ELBO=-53.89230, p(x|z)=-39.35817, p(y|z)=-0.07246, KL=14.46167, time=2.62
Iter 9, ELBO=-53.50839, p(x|z)=-38.81018, p(y|z)=-0.07222, KL=14.62599, time=2.82
Iter 10, ELBO=-53.22358, p(x|z)=-38.63874, p(y|z)=-0.06889, KL=14.51595, time=2.73
train data approx log likelihood logpxy=-55.48, bound=-52.36, time=93.88, beta=1.00
test data approx log likelihood logpxy=-55.75, bound=-52.67, time=43.24, beta=1.00
attack data approx log likelihood logpxy=-296.90, bound=-294.51, time=7.05, beta=1.00
parameters saved at save/pdf_conv_vae_F_512_beta_1_ll_xe/checkpoint_0.pkl
training for 10 epochs with lr=0.00010, beta=1.00
Iter 1, ELBO=-52.90783, p(x|z)=-38.15787, p(y|z)=-0.07478, KL=14.67518, time=2.64
Iter 2, ELBO=-52.56361, p(x|z)=-37.93198, p(y|z)=-0.06647, KL=14.56516, time=2.82
Iter 3, ELBO=-52.20989, p(x|z)=-37.49987, p(y|z)=-0.07300, KL=14.63701, time=2.86
Iter 4, ELBO=-51.95033, p(x|z)=-37.17335, p(y|z)=-0.07144, KL=14.70554, time=2.63
Iter 5, ELBO=-51.64312, p(x|z)=-36.93715, p(y|z)=-0.06932, KL=14.63665, time=2.64
Iter 6, ELBO=-51.11271, p(x|z)=-36.23721, p(y|z)=-0.06764, KL=14.80785, time=2.71
Iter 7, ELBO=-51.00052, p(x|z)=-36.32731, p(y|z)=-0.06447, KL=14.60874, time=2.64
Iter 8, ELBO=-50.39474, p(x|z)=-35.53708, p(y|z)=-0.06982, KL=14.78784, time=2.66
Iter 9, ELBO=-50.08410, p(x|z)=-35.27001, p(y|z)=-0.06260, KL=14.75148, time=2.71
Iter 10, ELBO=-50.04027, p(x|z)=-35.21675, p(y|z)=-0.06618, KL=14.75734, time=2.72
train data approx log likelihood logpxy=-52.51, bound=-49.27, time=94.89, beta=1.00
test data approx log likelihood logpxy=-52.87, bound=-49.61, time=42.20, beta=1.00
attack data approx log likelihood logpxy=-300.30, bound=-300.92, time=7.38, beta=1.00
parameters saved at save/pdf_conv_vae_F_512_beta_1_ll_xe/checkpoint_0.pkl
training for 10 epochs with lr=0.00010, beta=1.00
Iter 1, ELBO=-49.79144, p(x|z)=-34.68050, p(y|z)=-0.06204, KL=15.04890, time=2.68
Iter 2, ELBO=-49.64922, p(x|z)=-34.83692, p(y|z)=-0.06606, KL=14.74625, time=2.83
Iter 3, ELBO=-49.25740, p(x|z)=-34.40987, p(y|z)=-0.06176, KL=14.78577, time=2.69
Iter 4, ELBO=-48.86249, p(x|z)=-33.91598, p(y|z)=-0.06758, KL=14.87893, time=2.61
Iter 5, ELBO=-48.63787, p(x|z)=-33.80272, p(y|z)=-0.06058, KL=14.77457, time=2.61
Iter 6, ELBO=-48.45820, p(x|z)=-33.49488, p(y|z)=-0.06231, KL=14.90101, time=2.82
Iter 7, ELBO=-48.13208, p(x|z)=-33.31191, p(y|z)=-0.06074, KL=14.75942, time=3.00
Iter 8, ELBO=-48.12207, p(x|z)=-33.11247, p(y|z)=-0.06076, KL=14.94883, time=2.65
Iter 9, ELBO=-47.75102, p(x|z)=-32.64526, p(y|z)=-0.05681, KL=15.04895, time=2.60
Iter 10, ELBO=-47.56138, p(x|z)=-32.59019, p(y|z)=-0.06329, KL=14.90789, time=2.60
train data approx log likelihood logpxy=-50.44, bound=-46.88, time=95.07, beta=1.00
test data approx log likelihood logpxy=-50.75, bound=-47.04, time=44.18, beta=1.00
attack data approx log likelihood logpxy=-297.52, bound=-296.44, time=6.95, beta=1.00
parameters saved at save/pdf_conv_vae_F_512_beta_1_ll_xe/checkpoint_0.pkl
training for 10 epochs with lr=0.00010, beta=1.00
Iter 1, ELBO=-47.11371, p(x|z)=-32.16940, p(y|z)=-0.06230, KL=14.88201, time=2.76
Iter 2, ELBO=-47.04797, p(x|z)=-32.05542, p(y|z)=-0.05748, KL=14.93507, time=3.43
Iter 3, ELBO=-47.16014, p(x|z)=-32.03372, p(y|z)=-0.06431, KL=15.06211, time=2.67
Iter 4, ELBO=-46.68729, p(x|z)=-31.78305, p(y|z)=-0.05770, KL=14.84655, time=2.66
Iter 5, ELBO=-46.25019, p(x|z)=-31.30877, p(y|z)=-0.06025, KL=14.88117, time=3.17
Iter 6, ELBO=-46.47834, p(x|z)=-31.38042, p(y|z)=-0.05773, KL=15.04020, time=2.81
Iter 7, ELBO=-46.18726, p(x|z)=-31.16577, p(y|z)=-0.06175, KL=14.95974, time=2.89
Iter 8, ELBO=-46.01103, p(x|z)=-30.94857, p(y|z)=-0.05538, KL=15.00708, time=2.67
Iter 9, ELBO=-45.67112, p(x|z)=-30.75809, p(y|z)=-0.05894, KL=14.85409, time=2.66
Iter 10, ELBO=-45.81110, p(x|z)=-30.89086, p(y|z)=-0.05951, KL=14.86073, time=2.76
train data approx log likelihood logpxy=-48.81, bound=-45.11, time=94.05, beta=1.00
test data approx log likelihood logpxy=-49.29, bound=-46.05, time=43.90, beta=1.00
attack data approx log likelihood logpxy=-299.87, bound=-298.13, time=6.81, beta=1.00
parameters saved at save/pdf_conv_vae_F_512_beta_1_ll_xe/checkpoint_0.pkl
parameters saved at save/pdf_conv_vae_F_512_beta_1_ll_xe/checkpoint_0.pkl
PDF X_train shape: (13190, 3514)
PDF X_test shape: (6146, 3514)
PDF X_attack shape: (1600, 3514)
[0. 0. 0. ... 0. 0. 0.]
[0. 1.]
input_shape: (3514,)
dimX: 3514
X_ph.shape: (1000, 3514)
Y_ph.shape: (1000, 2)
X_train.shape: (13190, 3514)
Y_train.shape: (13190, 2)
param loaded 18
assign to 18 tensors..
no. of uninitialised variables 38 18
loaded parameters from save/pdf_conv_vae_F_512_beta_1_ll_xe/checkpoint_0.pkl
training for 10 epochs with lr=0.00010, beta=1.00
Iter 1, ELBO=-46.07717, p(x|z)=-31.01387, p(y|z)=-0.05911, KL=15.00419, time=2.85
Iter 2, ELBO=-45.62698, p(x|z)=-30.60664, p(y|z)=-0.06194, KL=14.95840, time=2.63
Iter 3, ELBO=-45.29682, p(x|z)=-30.01612, p(y|z)=-0.06114, KL=15.21956, time=2.62
Iter 4, ELBO=-44.92212, p(x|z)=-29.79651, p(y|z)=-0.05743, KL=15.06819, time=2.63
Iter 5, ELBO=-44.41927, p(x|z)=-29.27168, p(y|z)=-0.05961, KL=15.08798, time=2.62
Iter 6, ELBO=-44.10384, p(x|z)=-29.12679, p(y|z)=-0.05895, KL=14.91810, time=2.63
Iter 7, ELBO=-43.71378, p(x|z)=-28.71769, p(y|z)=-0.05415, KL=14.94194, time=2.74
Iter 8, ELBO=-43.57957, p(x|z)=-28.51225, p(y|z)=-0.05434, KL=15.01298, time=2.66
Iter 9, ELBO=-43.21126, p(x|z)=-28.23738, p(y|z)=-0.05421, KL=14.91967, time=2.64
Iter 10, ELBO=-43.26754, p(x|z)=-28.21121, p(y|z)=-0.05543, KL=15.00090, time=2.69
train data approx log likelihood logpxy=-46.33, bound=-42.79, time=95.34, beta=1.00
test data approx log likelihood logpxy=-46.99, bound=-43.22, time=52.23, beta=1.00
attack data approx log likelihood logpxy=-66.68, bound=-63.90, time=7.16, beta=1.00
parameters saved at save/pdf_conv_vae_F_512_beta_1_ll_xe/checkpoint_1.pkl
training for 10 epochs with lr=0.00010, beta=1.00
Iter 1, ELBO=-43.21040, p(x|z)=-28.01678, p(y|z)=-0.05733, KL=15.13629, time=3.01
Iter 2, ELBO=-42.71396, p(x|z)=-27.61873, p(y|z)=-0.05455, KL=15.04068, time=2.84
Iter 3, ELBO=-42.53386, p(x|z)=-27.44703, p(y|z)=-0.05674, KL=15.03008, time=2.83
Iter 4, ELBO=-42.45526, p(x|z)=-27.20326, p(y|z)=-0.05589, KL=15.19611, time=2.79
Iter 5, ELBO=-42.14950, p(x|z)=-27.16048, p(y|z)=-0.05155, KL=14.93748, time=2.87
Iter 6, ELBO=-42.16636, p(x|z)=-26.94039, p(y|z)=-0.05505, KL=15.17092, time=3.16
Iter 7, ELBO=-41.86214, p(x|z)=-26.55099, p(y|z)=-0.05407, KL=15.25708, time=3.22
Iter 8, ELBO=-41.51825, p(x|z)=-26.47438, p(y|z)=-0.05562, KL=14.98825, time=3.05
Iter 9, ELBO=-41.44062, p(x|z)=-26.23224, p(y|z)=-0.05368, KL=15.15470, time=3.05
Iter 10, ELBO=-41.20943, p(x|z)=-25.95706, p(y|z)=-0.05124, KL=15.20112, time=2.99
train data approx log likelihood logpxy=-44.33, bound=-40.51, time=104.64, beta=1.00
test data approx log likelihood logpxy=-45.22, bound=-41.49, time=51.31, beta=1.00
attack data approx log likelihood logpxy=-66.23, bound=-64.05, time=9.07, beta=1.00
parameters saved at save/pdf_conv_vae_F_512_beta_1_ll_xe/checkpoint_1.pkl
training for 10 epochs with lr=0.00010, beta=1.00
Iter 1, ELBO=-41.14824, p(x|z)=-26.04800, p(y|z)=-0.05509, KL=15.04514, time=3.39
Iter 2, ELBO=-40.86725, p(x|z)=-25.55145, p(y|z)=-0.05170, KL=15.26410, time=3.48
Iter 3, ELBO=-40.82505, p(x|z)=-25.57008, p(y|z)=-0.05332, KL=15.20165, time=3.46
Iter 4, ELBO=-40.51064, p(x|z)=-25.17711, p(y|z)=-0.04898, KL=15.28454, time=3.44
Iter 5, ELBO=-40.43543, p(x|z)=-25.10749, p(y|z)=-0.05463, KL=15.27332, time=3.68
Iter 6, ELBO=-40.01302, p(x|z)=-24.72433, p(y|z)=-0.05028, KL=15.23841, time=3.12
Iter 7, ELBO=-40.38123, p(x|z)=-25.08979, p(y|z)=-0.05187, KL=15.23957, time=3.55
Iter 8, ELBO=-39.91104, p(x|z)=-24.58898, p(y|z)=-0.05311, KL=15.26895, time=3.86
Iter 9, ELBO=-39.65682, p(x|z)=-24.28807, p(y|z)=-0.05148, KL=15.31728, time=3.24
Iter 10, ELBO=-39.60793, p(x|z)=-24.30874, p(y|z)=-0.05202, KL=15.24717, time=3.75
train data approx log likelihood logpxy=-42.87, bound=-39.09, time=102.91, beta=1.00
test data approx log likelihood logpxy=-43.80, bound=-39.98, time=46.25, beta=1.00
attack data approx log likelihood logpxy=-66.37, bound=-62.59, time=7.59, beta=1.00
parameters saved at save/pdf_conv_vae_F_512_beta_1_ll_xe/checkpoint_1.pkl
training for 10 epochs with lr=0.00010, beta=1.00
Iter 1, ELBO=-39.34831, p(x|z)=-24.03789, p(y|z)=-0.04955, KL=15.26087, time=2.70
Iter 2, ELBO=-39.22136, p(x|z)=-23.88725, p(y|z)=-0.04734, KL=15.28677, time=2.68
Iter 3, ELBO=-38.92777, p(x|z)=-23.54210, p(y|z)=-0.04741, KL=15.33826, time=3.14
Iter 4, ELBO=-38.92416, p(x|z)=-23.46248, p(y|z)=-0.04953, KL=15.41215, time=3.42
Iter 5, ELBO=-38.60742, p(x|z)=-23.26124, p(y|z)=-0.04714, KL=15.29904, time=3.92
Iter 6, ELBO=-38.67769, p(x|z)=-23.30521, p(y|z)=-0.04544, KL=15.32704, time=4.23
Iter 7, ELBO=-38.42682, p(x|z)=-23.09773, p(y|z)=-0.04915, KL=15.27994, time=3.79
Iter 8, ELBO=-38.24111, p(x|z)=-22.81176, p(y|z)=-0.04788, KL=15.38147, time=3.78
Iter 9, ELBO=-38.18189, p(x|z)=-22.77417, p(y|z)=-0.05070, KL=15.35701, time=3.93
Iter 10, ELBO=-38.17817, p(x|z)=-22.72340, p(y|z)=-0.04515, KL=15.40961, time=3.83
train data approx log likelihood logpxy=-41.44, bound=-37.37, time=103.73, beta=1.00
test data approx log likelihood logpxy=-42.57, bound=-38.84, time=44.59, beta=1.00
attack data approx log likelihood logpxy=-66.19, bound=-61.84, time=7.65, beta=1.00
parameters saved at save/pdf_conv_vae_F_512_beta_1_ll_xe/checkpoint_1.pkl
training for 10 epochs with lr=0.00010, beta=1.00
Iter 1, ELBO=-37.81855, p(x|z)=-22.32572, p(y|z)=-0.04652, KL=15.44631, time=2.95
Iter 2, ELBO=-37.95540, p(x|z)=-22.45825, p(y|z)=-0.04851, KL=15.44864, time=2.61
Iter 3, ELBO=-37.68513, p(x|z)=-22.20437, p(y|z)=-0.04263, KL=15.43813, time=2.99
Iter 4, ELBO=-37.47873, p(x|z)=-22.08577, p(y|z)=-0.04295, KL=15.35001, time=2.61
Iter 5, ELBO=-37.49736, p(x|z)=-22.00853, p(y|z)=-0.04518, KL=15.44365, time=2.58
Iter 6, ELBO=-37.36460, p(x|z)=-21.77700, p(y|z)=-0.04458, KL=15.54301, time=2.66
Iter 7, ELBO=-37.19047, p(x|z)=-21.78343, p(y|z)=-0.04744, KL=15.35961, time=3.03
Iter 8, ELBO=-37.06527, p(x|z)=-21.59079, p(y|z)=-0.04594, KL=15.42854, time=2.73
Iter 9, ELBO=-37.03771, p(x|z)=-21.39705, p(y|z)=-0.04675, KL=15.59392, time=2.84
Iter 10, ELBO=-36.80724, p(x|z)=-21.32584, p(y|z)=-0.04598, KL=15.43543, time=2.82
train data approx log likelihood logpxy=-40.21, bound=-36.13, time=95.32, beta=1.00
test data approx log likelihood logpxy=-41.59, bound=-37.55, time=43.45, beta=1.00
attack data approx log likelihood logpxy=-66.36, bound=-62.21, time=6.66, beta=1.00
parameters saved at save/pdf_conv_vae_F_512_beta_1_ll_xe/checkpoint_1.pkl
training for 10 epochs with lr=0.00010, beta=1.00
Iter 1, ELBO=-36.78120, p(x|z)=-21.36667, p(y|z)=-0.04306, KL=15.37148, time=2.59
Iter 2, ELBO=-36.71539, p(x|z)=-21.05655, p(y|z)=-0.04456, KL=15.61428, time=2.60
Iter 3, ELBO=-36.61844, p(x|z)=-21.04802, p(y|z)=-0.04395, KL=15.52647, time=2.60
Iter 4, ELBO=-36.52204, p(x|z)=-20.84121, p(y|z)=-0.04503, KL=15.63580, time=2.59
Iter 5, ELBO=-36.37073, p(x|z)=-20.86652, p(y|z)=-0.04343, KL=15.46077, time=2.59
Iter 6, ELBO=-36.33060, p(x|z)=-20.84603, p(y|z)=-0.04274, KL=15.44184, time=2.58
Iter 7, ELBO=-36.18066, p(x|z)=-20.66832, p(y|z)=-0.04135, KL=15.47099, time=2.59
Iter 8, ELBO=-35.97002, p(x|z)=-20.41413, p(y|z)=-0.04038, KL=15.51551, time=2.56
Iter 9, ELBO=-35.95193, p(x|z)=-20.36851, p(y|z)=-0.04312, KL=15.54030, time=2.58
Iter 10, ELBO=-35.76126, p(x|z)=-20.31585, p(y|z)=-0.04132, KL=15.40408, time=2.58
train data approx log likelihood logpxy=-39.35, bound=-35.16, time=89.39, beta=1.00
test data approx log likelihood logpxy=-40.89, bound=-36.81, time=40.19, beta=1.00
attack data approx log likelihood logpxy=-66.60, bound=-63.62, time=6.75, beta=1.00
parameters saved at save/pdf_conv_vae_F_512_beta_1_ll_xe/checkpoint_1.pkl
training for 10 epochs with lr=0.00010, beta=1.00
Iter 1, ELBO=-35.84706, p(x|z)=-20.11028, p(y|z)=-0.04534, KL=15.69144, time=2.59
Iter 2, ELBO=-35.55683, p(x|z)=-20.06714, p(y|z)=-0.04626, KL=15.44342, time=2.63
Iter 3, ELBO=-35.61929, p(x|z)=-19.99412, p(y|z)=-0.04253, KL=15.58263, time=2.60
Iter 4, ELBO=-35.50934, p(x|z)=-19.99831, p(y|z)=-0.04210, KL=15.46894, time=2.61
Iter 5, ELBO=-35.34566, p(x|z)=-19.90144, p(y|z)=-0.04005, KL=15.40417, time=2.61
Iter 6, ELBO=-35.32098, p(x|z)=-19.69199, p(y|z)=-0.03736, KL=15.59164, time=2.61
Iter 7, ELBO=-35.19626, p(x|z)=-19.54681, p(y|z)=-0.03933, KL=15.61013, time=2.60
Iter 8, ELBO=-35.13789, p(x|z)=-19.63662, p(y|z)=-0.04606, KL=15.45521, time=2.59
Iter 9, ELBO=-35.13243, p(x|z)=-19.50006, p(y|z)=-0.04473, KL=15.58764, time=2.60
Iter 10, ELBO=-34.95211, p(x|z)=-19.30046, p(y|z)=-0.03911, KL=15.61255, time=2.62
train data approx log likelihood logpxy=-38.71, bound=-34.68, time=87.31, beta=1.00
test data approx log likelihood logpxy=-40.36, bound=-36.51, time=41.26, beta=1.00
attack data approx log likelihood logpxy=-66.38, bound=-62.32, time=6.88, beta=1.00
parameters saved at save/pdf_conv_vae_F_512_beta_1_ll_xe/checkpoint_1.pkl
training for 10 epochs with lr=0.00010, beta=1.00
Iter 1, ELBO=-34.90273, p(x|z)=-19.40393, p(y|z)=-0.04126, KL=15.45755, time=2.59
Iter 2, ELBO=-34.76291, p(x|z)=-19.19041, p(y|z)=-0.03948, KL=15.53301, time=2.58
Iter 3, ELBO=-34.68310, p(x|z)=-19.03384, p(y|z)=-0.04189, KL=15.60737, time=2.74
Iter 4, ELBO=-34.69882, p(x|z)=-19.13471, p(y|z)=-0.04265, KL=15.52145, time=2.74
Iter 5, ELBO=-34.64748, p(x|z)=-18.98509, p(y|z)=-0.04255, KL=15.61984, time=2.59
Iter 6, ELBO=-34.54789, p(x|z)=-18.95147, p(y|z)=-0.04027, KL=15.55615, time=2.58
Iter 7, ELBO=-34.63207, p(x|z)=-18.87327, p(y|z)=-0.04038, KL=15.71842, time=2.83
Iter 8, ELBO=-34.04102, p(x|z)=-18.50968, p(y|z)=-0.03645, KL=15.49489, time=2.89
Iter 9, ELBO=-34.15270, p(x|z)=-18.67722, p(y|z)=-0.03903, KL=15.43645, time=2.96
Iter 10, ELBO=-34.32656, p(x|z)=-18.62233, p(y|z)=-0.03938, KL=15.66485, time=3.14
train data approx log likelihood logpxy=-37.97, bound=-33.67, time=91.57, beta=1.00
test data approx log likelihood logpxy=-39.88, bound=-35.87, time=40.44, beta=1.00
attack data approx log likelihood logpxy=-66.90, bound=-62.46, time=6.80, beta=1.00
parameters saved at save/pdf_conv_vae_F_512_beta_1_ll_xe/checkpoint_1.pkl
training for 10 epochs with lr=0.00010, beta=1.00
Iter 1, ELBO=-33.96803, p(x|z)=-18.35421, p(y|z)=-0.04132, KL=15.57250, time=2.61
Iter 2, ELBO=-34.08600, p(x|z)=-18.47562, p(y|z)=-0.03697, KL=15.57341, time=2.59
Iter 3, ELBO=-33.81261, p(x|z)=-18.18571, p(y|z)=-0.04091, KL=15.58599, time=2.58
Iter 4, ELBO=-33.67544, p(x|z)=-18.15782, p(y|z)=-0.03965, KL=15.47798, time=2.57
Iter 5, ELBO=-33.93066, p(x|z)=-18.25734, p(y|z)=-0.03627, KL=15.63704, time=2.60
Iter 6, ELBO=-33.67352, p(x|z)=-18.07178, p(y|z)=-0.03895, KL=15.56279, time=2.58
Iter 7, ELBO=-33.66953, p(x|z)=-18.08148, p(y|z)=-0.03985, KL=15.54821, time=2.58
Iter 8, ELBO=-33.72246, p(x|z)=-18.21232, p(y|z)=-0.03985, KL=15.47030, time=2.59
Iter 9, ELBO=-33.57723, p(x|z)=-17.83439, p(y|z)=-0.03403, KL=15.70882, time=2.60
Iter 10, ELBO=-33.67259, p(x|z)=-17.99241, p(y|z)=-0.03969, KL=15.64048, time=2.58
train data approx log likelihood logpxy=-37.33, bound=-32.89, time=87.21, beta=1.00
test data approx log likelihood logpxy=-39.37, bound=-35.10, time=39.89, beta=1.00
attack data approx log likelihood logpxy=-66.94, bound=-63.09, time=6.64, beta=1.00
parameters saved at save/pdf_conv_vae_F_512_beta_1_ll_xe/checkpoint_1.pkl
training for 10 epochs with lr=0.00010, beta=1.00
Iter 1, ELBO=-33.66906, p(x|z)=-17.83245, p(y|z)=-0.03869, KL=15.79793, time=2.61
Iter 2, ELBO=-33.41551, p(x|z)=-17.85962, p(y|z)=-0.03805, KL=15.51784, time=2.57
Iter 3, ELBO=-33.28753, p(x|z)=-17.69341, p(y|z)=-0.03621, KL=15.55791, time=2.58
Iter 4, ELBO=-33.13914, p(x|z)=-17.40410, p(y|z)=-0.03588, KL=15.69916, time=2.58
Iter 5, ELBO=-33.01967, p(x|z)=-17.43853, p(y|z)=-0.03678, KL=15.54436, time=2.57
Iter 6, ELBO=-33.06446, p(x|z)=-17.46881, p(y|z)=-0.03642, KL=15.55924, time=2.59
Iter 7, ELBO=-33.05738, p(x|z)=-17.41937, p(y|z)=-0.03946, KL=15.59854, time=2.61
Iter 8, ELBO=-32.80732, p(x|z)=-17.36926, p(y|z)=-0.03980, KL=15.39827, time=2.58
Iter 9, ELBO=-33.17196, p(x|z)=-17.31816, p(y|z)=-0.03715, KL=15.81665, time=2.58
Iter 10, ELBO=-32.82041, p(x|z)=-17.21074, p(y|z)=-0.03453, KL=15.57514, time=2.81
train data approx log likelihood logpxy=-36.72, bound=-32.20, time=90.56, beta=1.00
test data approx log likelihood logpxy=-38.89, bound=-34.63, time=41.83, beta=1.00
attack data approx log likelihood logpxy=-67.21, bound=-63.07, time=7.05, beta=1.00
parameters saved at save/pdf_conv_vae_F_512_beta_1_ll_xe/checkpoint_1.pkl
parameters saved at save/pdf_conv_vae_F_512_beta_1_ll_xe/checkpoint_1.pkl
PDF X_train shape: (13190, 3514)
PDF X_test shape: (6146, 3514)
PDF X_attack shape: (1600, 3514)
[0. 0. 0. ... 0. 0. 0.]
[0. 1.]
input_shape: (3514,)
dimX: 3514
X_ph.shape: (1000, 3514)
Y_ph.shape: (1000, 2)
X_train.shape: (13190, 3514)
Y_train.shape: (13190, 2)
param loaded 18
assign to 18 tensors..
no. of uninitialised variables 38 18
loaded parameters from save/pdf_conv_vae_F_512_beta_1_ll_xe/checkpoint_1.pkl
training for 10 epochs with lr=0.00010, beta=1.00
Iter 1, ELBO=-33.33067, p(x|z)=-17.64846, p(y|z)=-0.03723, KL=15.64497, time=2.81
Iter 2, ELBO=-32.82937, p(x|z)=-17.16697, p(y|z)=-0.03369, KL=15.62871, time=2.63
Iter 3, ELBO=-32.70329, p(x|z)=-17.17328, p(y|z)=-0.03698, KL=15.49303, time=2.60
Iter 4, ELBO=-32.65295, p(x|z)=-16.91609, p(y|z)=-0.03891, KL=15.69795, time=2.60
Iter 5, ELBO=-32.45776, p(x|z)=-16.86623, p(y|z)=-0.03597, KL=15.55557, time=2.63
Iter 6, ELBO=-32.49949, p(x|z)=-17.05602, p(y|z)=-0.03635, KL=15.40713, time=2.61
Iter 7, ELBO=-32.27551, p(x|z)=-16.65218, p(y|z)=-0.03606, KL=15.58728, time=2.60
Iter 8, ELBO=-32.45713, p(x|z)=-16.79391, p(y|z)=-0.03532, KL=15.62789, time=2.62
Iter 9, ELBO=-32.15034, p(x|z)=-16.68434, p(y|z)=-0.03029, KL=15.43570, time=2.60
Iter 10, ELBO=-32.32128, p(x|z)=-16.78122, p(y|z)=-0.03638, KL=15.50368, time=2.60
train data approx log likelihood logpxy=-36.15, bound=-31.56, time=100.13, beta=1.00
test data approx log likelihood logpxy=-38.53, bound=-33.93, time=61.92, beta=1.00
attack data approx log likelihood logpxy=-67.55, bound=-63.10, time=14.06, beta=1.00
parameters saved at save/pdf_conv_vae_F_512_beta_1_ll_xe/checkpoint_2.pkl
training for 10 epochs with lr=0.00010, beta=1.00
Iter 1, ELBO=-32.23321, p(x|z)=-16.51748, p(y|z)=-0.03391, KL=15.68182, time=8.50
Iter 2, ELBO=-32.24786, p(x|z)=-16.54063, p(y|z)=-0.03843, KL=15.66879, time=7.28
Iter 3, ELBO=-32.08121, p(x|z)=-16.48820, p(y|z)=-0.03598, KL=15.55703, time=8.29
Iter 4, ELBO=-31.72867, p(x|z)=-16.33583, p(y|z)=-0.03757, KL=15.35527, time=7.50
Iter 5, ELBO=-32.09754, p(x|z)=-16.49899, p(y|z)=-0.03752, KL=15.56103, time=7.97
Iter 6, ELBO=-31.94779, p(x|z)=-16.52918, p(y|z)=-0.03481, KL=15.38380, time=7.54
Iter 7, ELBO=-31.64853, p(x|z)=-15.97168, p(y|z)=-0.03487, KL=15.64199, time=8.05
Iter 8, ELBO=-31.69975, p(x|z)=-16.36287, p(y|z)=-0.03589, KL=15.30100, time=6.72
Iter 9, ELBO=-31.67325, p(x|z)=-16.07216, p(y|z)=-0.03511, KL=15.56599, time=4.33
Iter 10, ELBO=-31.71266, p(x|z)=-16.28328, p(y|z)=-0.03205, KL=15.39733, time=7.67
train data approx log likelihood logpxy=-35.75, bound=-31.42, time=155.16, beta=1.00
test data approx log likelihood logpxy=-38.32, bound=-33.99, time=47.30, beta=1.00
attack data approx log likelihood logpxy=-68.16, bound=-64.41, time=9.80, beta=1.00
parameters saved at save/pdf_conv_vae_F_512_beta_1_ll_xe/checkpoint_2.pkl
training for 10 epochs with lr=0.00010, beta=1.00
Iter 1, ELBO=-31.93037, p(x|z)=-16.08100, p(y|z)=-0.03606, KL=15.81331, time=3.39
Iter 2, ELBO=-31.73997, p(x|z)=-16.18120, p(y|z)=-0.03644, KL=15.52233, time=3.53
Iter 3, ELBO=-31.41751, p(x|z)=-15.88534, p(y|z)=-0.03468, KL=15.49749, time=2.77
Iter 4, ELBO=-31.28687, p(x|z)=-15.78993, p(y|z)=-0.03538, KL=15.46156, time=2.83
Iter 5, ELBO=-31.54237, p(x|z)=-15.88918, p(y|z)=-0.03454, KL=15.61864, time=3.32
Iter 6, ELBO=-31.56840, p(x|z)=-16.12346, p(y|z)=-0.03806, KL=15.40687, time=2.83
Iter 7, ELBO=-31.14219, p(x|z)=-15.63193, p(y|z)=-0.03569, KL=15.47457, time=3.30
Iter 8, ELBO=-31.59706, p(x|z)=-16.05169, p(y|z)=-0.03495, KL=15.51042, time=2.82
Iter 9, ELBO=-31.22128, p(x|z)=-15.53694, p(y|z)=-0.03110, KL=15.65324, time=2.64
Iter 10, ELBO=-31.16445, p(x|z)=-15.65884, p(y|z)=-0.03405, KL=15.47156, time=2.65
train data approx log likelihood logpxy=-35.19, bound=-30.69, time=96.83, beta=1.00
test data approx log likelihood logpxy=-37.91, bound=-33.48, time=45.59, beta=1.00
attack data approx log likelihood logpxy=-68.01, bound=-63.46, time=6.89, beta=1.00
parameters saved at save/pdf_conv_vae_F_512_beta_1_ll_xe/checkpoint_2.pkl
training for 10 epochs with lr=0.00010, beta=1.00
Iter 1, ELBO=-31.09408, p(x|z)=-15.61182, p(y|z)=-0.03514, KL=15.44712, time=2.64
Iter 2, ELBO=-31.05153, p(x|z)=-15.51396, p(y|z)=-0.03297, KL=15.50460, time=2.63
Iter 3, ELBO=-31.15719, p(x|z)=-15.62760, p(y|z)=-0.03594, KL=15.49365, time=2.63
Iter 4, ELBO=-31.20970, p(x|z)=-15.48821, p(y|z)=-0.03606, KL=15.68544, time=2.66
Iter 5, ELBO=-31.20217, p(x|z)=-15.56531, p(y|z)=-0.03141, KL=15.60545, time=2.64
Iter 6, ELBO=-30.93690, p(x|z)=-15.46560, p(y|z)=-0.03412, KL=15.43718, time=2.64
Iter 7, ELBO=-30.83647, p(x|z)=-15.31382, p(y|z)=-0.03437, KL=15.48828, time=2.64
Iter 8, ELBO=-30.61678, p(x|z)=-15.40534, p(y|z)=-0.03207, KL=15.17938, time=2.63
Iter 9, ELBO=-30.81680, p(x|z)=-15.11629, p(y|z)=-0.03358, KL=15.66694, time=2.64
Iter 10, ELBO=-30.55285, p(x|z)=-15.20137, p(y|z)=-0.03097, KL=15.32051, time=2.64
train data approx log likelihood logpxy=-34.83, bound=-30.55, time=89.30, beta=1.00
test data approx log likelihood logpxy=-37.63, bound=-32.94, time=41.05, beta=1.00
attack data approx log likelihood logpxy=-67.97, bound=-64.00, time=6.87, beta=1.00
parameters saved at save/pdf_conv_vae_F_512_beta_1_ll_xe/checkpoint_2.pkl
training for 10 epochs with lr=0.00010, beta=1.00
Iter 1, ELBO=-30.56167, p(x|z)=-15.02820, p(y|z)=-0.03152, KL=15.50195, time=2.63
Iter 2, ELBO=-30.78661, p(x|z)=-15.31412, p(y|z)=-0.03526, KL=15.43722, time=2.64
Iter 3, ELBO=-30.60527, p(x|z)=-15.14624, p(y|z)=-0.03339, KL=15.42564, time=2.63
Iter 4, ELBO=-30.54507, p(x|z)=-14.97644, p(y|z)=-0.03499, KL=15.53363, time=2.65
Iter 5, ELBO=-30.53725, p(x|z)=-15.02429, p(y|z)=-0.03443, KL=15.47852, time=2.66
Iter 6, ELBO=-30.56121, p(x|z)=-15.05621, p(y|z)=-0.03741, KL=15.46758, time=2.63
Iter 7, ELBO=-30.49832, p(x|z)=-15.05475, p(y|z)=-0.03318, KL=15.41039, time=2.64
Iter 8, ELBO=-30.22511, p(x|z)=-14.74403, p(y|z)=-0.02902, KL=15.45207, time=2.67
Iter 9, ELBO=-30.32977, p(x|z)=-14.84802, p(y|z)=-0.03143, KL=15.45032, time=2.63
Iter 10, ELBO=-30.13667, p(x|z)=-14.76015, p(y|z)=-0.03139, KL=15.34512, time=2.66
train data approx log likelihood logpxy=-34.40, bound=-29.83, time=91.22, beta=1.00
test data approx log likelihood logpxy=-37.32, bound=-32.37, time=41.23, beta=1.00
attack data approx log likelihood logpxy=-68.36, bound=-63.52, time=6.85, beta=1.00
parameters saved at save/pdf_conv_vae_F_512_beta_1_ll_xe/checkpoint_2.pkl
training for 10 epochs with lr=0.00010, beta=1.00
Iter 1, ELBO=-30.23331, p(x|z)=-14.78779, p(y|z)=-0.03163, KL=15.41390, time=2.68
Iter 2, ELBO=-30.15760, p(x|z)=-14.81633, p(y|z)=-0.03195, KL=15.30932, time=2.67
Iter 3, ELBO=-30.11615, p(x|z)=-14.69114, p(y|z)=-0.03178, KL=15.39323, time=3.57
Iter 4, ELBO=-29.93468, p(x|z)=-14.51661, p(y|z)=-0.03144, KL=15.38663, time=2.89
Iter 5, ELBO=-29.95093, p(x|z)=-14.48633, p(y|z)=-0.03216, KL=15.43244, time=3.74
Iter 6, ELBO=-29.83581, p(x|z)=-14.54462, p(y|z)=-0.03468, KL=15.25650, time=3.07
Iter 7, ELBO=-29.83777, p(x|z)=-14.41024, p(y|z)=-0.03001, KL=15.39751, time=3.32
Iter 8, ELBO=-29.97368, p(x|z)=-14.88355, p(y|z)=-0.03190, KL=15.05823, time=3.38
Iter 9, ELBO=-29.96020, p(x|z)=-14.18515, p(y|z)=-0.02712, KL=15.74794, time=3.29
Iter 10, ELBO=-29.89974, p(x|z)=-14.63468, p(y|z)=-0.03322, KL=15.23184, time=3.16
train data approx log likelihood logpxy=-33.97, bound=-29.31, time=89.72, beta=1.00
test data approx log likelihood logpxy=-37.06, bound=-32.51, time=41.36, beta=1.00
attack data approx log likelihood logpxy=-68.51, bound=-64.98, time=6.80, beta=1.00
parameters saved at save/pdf_conv_vae_F_512_beta_1_ll_xe/checkpoint_2.pkl
training for 10 epochs with lr=0.00010, beta=1.00
Iter 1, ELBO=-29.59785, p(x|z)=-14.13232, p(y|z)=-0.02890, KL=15.43663, time=2.63
Iter 2, ELBO=-29.62233, p(x|z)=-14.46433, p(y|z)=-0.03088, KL=15.12711, time=2.64
Iter 3, ELBO=-29.40213, p(x|z)=-14.07543, p(y|z)=-0.02881, KL=15.29790, time=2.63
Iter 4, ELBO=-29.44006, p(x|z)=-14.23005, p(y|z)=-0.02868, KL=15.18133, time=2.61
Iter 5, ELBO=-29.55292, p(x|z)=-14.32241, p(y|z)=-0.02839, KL=15.20212, time=2.64
Iter 6, ELBO=-29.49390, p(x|z)=-14.15238, p(y|z)=-0.02865, KL=15.31287, time=2.60
Iter 7, ELBO=-29.39359, p(x|z)=-14.14152, p(y|z)=-0.03167, KL=15.22040, time=2.60
Iter 8, ELBO=-29.32533, p(x|z)=-13.95652, p(y|z)=-0.02778, KL=15.34102, time=2.61
Iter 9, ELBO=-29.21643, p(x|z)=-14.08141, p(y|z)=-0.02941, KL=15.10560, time=2.98
Iter 10, ELBO=-29.23591, p(x|z)=-13.98758, p(y|z)=-0.02723, KL=15.22110, time=2.69
train data approx log likelihood logpxy=-33.77, bound=-28.85, time=93.67, beta=1.00
test data approx log likelihood logpxy=-37.00, bound=-31.88, time=44.80, beta=1.00
attack data approx log likelihood logpxy=-69.30, bound=-65.02, time=6.90, beta=1.00
parameters saved at save/pdf_conv_vae_F_512_beta_1_ll_xe/checkpoint_2.pkl
training for 10 epochs with lr=0.00010, beta=1.00
Iter 1, ELBO=-28.93919, p(x|z)=-13.80509, p(y|z)=-0.03241, KL=15.10168, time=3.49
Iter 2, ELBO=-29.40095, p(x|z)=-13.90890, p(y|z)=-0.03108, KL=15.46098, time=2.70
Iter 3, ELBO=-29.04897, p(x|z)=-13.88812, p(y|z)=-0.02782, KL=15.13303, time=2.76
Iter 4, ELBO=-29.08432, p(x|z)=-13.79042, p(y|z)=-0.02908, KL=15.26481, time=2.61
Iter 5, ELBO=-28.95163, p(x|z)=-13.69421, p(y|z)=-0.02663, KL=15.23078, time=2.60
Iter 6, ELBO=-28.89778, p(x|z)=-13.63709, p(y|z)=-0.02915, KL=15.23154, time=2.72
Iter 7, ELBO=-29.01582, p(x|z)=-13.64924, p(y|z)=-0.02890, KL=15.33768, time=3.09
Iter 8, ELBO=-28.86773, p(x|z)=-13.68351, p(y|z)=-0.02864, KL=15.15559, time=3.12
Iter 9, ELBO=-28.98137, p(x|z)=-13.88971, p(y|z)=-0.02810, KL=15.06356, time=3.06
Iter 10, ELBO=-28.66055, p(x|z)=-13.37294, p(y|z)=-0.02668, KL=15.26093, time=3.09
train data approx log likelihood logpxy=-33.07, bound=-28.34, time=92.58, beta=1.00
test data approx log likelihood logpxy=-36.35, bound=-32.23, time=40.97, beta=1.00
attack data approx log likelihood logpxy=-68.60, bound=-64.68, time=8.26, beta=1.00
parameters saved at save/pdf_conv_vae_F_512_beta_1_ll_xe/checkpoint_2.pkl
training for 10 epochs with lr=0.00010, beta=1.00
Iter 1, ELBO=-28.80154, p(x|z)=-13.61324, p(y|z)=-0.02443, KL=15.16387, time=3.44
Iter 2, ELBO=-28.70860, p(x|z)=-13.58867, p(y|z)=-0.02967, KL=15.09026, time=3.03
Iter 3, ELBO=-28.75161, p(x|z)=-13.54592, p(y|z)=-0.02437, KL=15.18132, time=2.62
Iter 4, ELBO=-28.56669, p(x|z)=-13.42456, p(y|z)=-0.02749, KL=15.11464, time=2.59
Iter 5, ELBO=-28.66735, p(x|z)=-13.46077, p(y|z)=-0.02611, KL=15.18046, time=2.59
Iter 6, ELBO=-28.38402, p(x|z)=-13.36022, p(y|z)=-0.02652, KL=14.99728, time=2.59
Iter 7, ELBO=-28.23508, p(x|z)=-13.11654, p(y|z)=-0.02261, KL=15.09593, time=2.60
Iter 8, ELBO=-28.36615, p(x|z)=-13.42600, p(y|z)=-0.02935, KL=14.91079, time=2.57
Iter 9, ELBO=-28.16247, p(x|z)=-13.08760, p(y|z)=-0.02627, KL=15.04859, time=2.62
Iter 10, ELBO=-28.44413, p(x|z)=-13.44191, p(y|z)=-0.02782, KL=14.97440, time=2.60
train data approx log likelihood logpxy=-32.83, bound=-27.95, time=87.54, beta=1.00
test data approx log likelihood logpxy=-36.24, bound=-31.46, time=42.98, beta=1.00
attack data approx log likelihood logpxy=-69.10, bound=-65.01, time=6.69, beta=1.00
parameters saved at save/pdf_conv_vae_F_512_beta_1_ll_xe/checkpoint_2.pkl
training for 10 epochs with lr=0.00010, beta=1.00
Iter 1, ELBO=-28.25098, p(x|z)=-13.13245, p(y|z)=-0.02654, KL=15.09199, time=2.59
Iter 2, ELBO=-28.16299, p(x|z)=-13.08535, p(y|z)=-0.02855, KL=15.04908, time=2.61
Iter 3, ELBO=-28.17746, p(x|z)=-13.30483, p(y|z)=-0.02640, KL=14.84623, time=2.60
Iter 4, ELBO=-27.89492, p(x|z)=-12.81489, p(y|z)=-0.02784, KL=15.05220, time=2.69
Iter 5, ELBO=-27.88270, p(x|z)=-12.97480, p(y|z)=-0.02750, KL=14.88041, time=2.58
Iter 6, ELBO=-27.91637, p(x|z)=-12.96566, p(y|z)=-0.02510, KL=14.92561, time=2.80
Iter 7, ELBO=-27.79609, p(x|z)=-12.85587, p(y|z)=-0.02623, KL=14.91400, time=2.83
Iter 8, ELBO=-27.96103, p(x|z)=-13.10612, p(y|z)=-0.02506, KL=14.82985, time=2.69
Iter 9, ELBO=-27.59734, p(x|z)=-12.68997, p(y|z)=-0.02596, KL=14.88141, time=2.62
Iter 10, ELBO=-27.92652, p(x|z)=-13.08348, p(y|z)=-0.02606, KL=14.81698, time=2.62
train data approx log likelihood logpxy=-32.52, bound=-27.45, time=85.32, beta=1.00
test data approx log likelihood logpxy=-36.00, bound=-30.86, time=38.90, beta=1.00
attack data approx log likelihood logpxy=-68.80, bound=-63.58, time=6.39, beta=1.00
parameters saved at save/pdf_conv_vae_F_512_beta_1_ll_xe/checkpoint_2.pkl
parameters saved at save/pdf_conv_vae_F_512_beta_1_ll_xe/checkpoint_2.pkl
PDF X_train shape: (13190, 3514)
PDF X_test shape: (6146, 3514)
PDF X_attack shape: (1600, 3514)
[0. 0. 0. ... 0. 0. 0.]
[0. 1.]
input_shape: (3514,)
dimX: 3514
X_ph.shape: (1000, 3514)
Y_ph.shape: (1000, 2)
X_train.shape: (13190, 3514)
Y_train.shape: (13190, 2)
param loaded 18
assign to 18 tensors..
no. of uninitialised variables 38 18
loaded parameters from save/pdf_conv_vae_F_512_beta_1_ll_xe/checkpoint_2.pkl
training for 10 epochs with lr=0.00010, beta=1.00
Iter 1, ELBO=-28.09086, p(x|z)=-13.17101, p(y|z)=-0.02612, KL=14.89373, time=3.22
Iter 2, ELBO=-27.79976, p(x|z)=-12.84160, p(y|z)=-0.02360, KL=14.93456, time=3.07
Iter 3, ELBO=-27.86180, p(x|z)=-12.88742, p(y|z)=-0.02799, KL=14.94640, time=3.69
Iter 4, ELBO=-27.54055, p(x|z)=-12.72974, p(y|z)=-0.02394, KL=14.78687, time=3.31
Iter 5, ELBO=-27.56937, p(x|z)=-12.69706, p(y|z)=-0.02494, KL=14.84737, time=3.39
Iter 6, ELBO=-27.39808, p(x|z)=-12.48298, p(y|z)=-0.02409, KL=14.89101, time=2.96
Iter 7, ELBO=-27.28435, p(x|z)=-12.58526, p(y|z)=-0.02524, KL=14.67385, time=2.79
Iter 8, ELBO=-27.53433, p(x|z)=-12.62375, p(y|z)=-0.02219, KL=14.88839, time=2.64
Iter 9, ELBO=-27.28824, p(x|z)=-12.55436, p(y|z)=-0.02523, KL=14.70866, time=2.79
Iter 10, ELBO=-27.34695, p(x|z)=-12.55458, p(y|z)=-0.02428, KL=14.76808, time=3.00
train data approx log likelihood logpxy=-32.17, bound=-27.05, time=172.44, beta=1.00
test data approx log likelihood logpxy=-35.77, bound=-30.61, time=84.23, beta=1.00
attack data approx log likelihood logpxy=-70.15, bound=-64.76, time=14.03, beta=1.00
parameters saved at save/pdf_conv_vae_F_512_beta_1_ll_xe/checkpoint_3.pkl
training for 10 epochs with lr=0.00010, beta=1.00
Iter 1, ELBO=-27.21642, p(x|z)=-12.39516, p(y|z)=-0.02515, KL=14.79611, time=7.52
Iter 2, ELBO=-27.24640, p(x|z)=-12.39813, p(y|z)=-0.02415, KL=14.82413, time=7.30
Iter 3, ELBO=-27.07522, p(x|z)=-12.25231, p(y|z)=-0.02501, KL=14.79791, time=3.83
Iter 4, ELBO=-27.25849, p(x|z)=-12.51932, p(y|z)=-0.03007, KL=14.70910, time=3.03
Iter 5, ELBO=-27.18874, p(x|z)=-12.42920, p(y|z)=-0.02529, KL=14.73425, time=2.90
Iter 6, ELBO=-27.12633, p(x|z)=-12.30679, p(y|z)=-0.02000, KL=14.79953, time=3.70
Iter 7, ELBO=-27.15084, p(x|z)=-12.34682, p(y|z)=-0.02515, KL=14.77887, time=3.05
Iter 8, ELBO=-26.98363, p(x|z)=-12.24328, p(y|z)=-0.02288, KL=14.71746, time=3.71
Iter 9, ELBO=-26.68712, p(x|z)=-12.18427, p(y|z)=-0.02212, KL=14.48073, time=3.27
Iter 10, ELBO=-26.89906, p(x|z)=-12.13056, p(y|z)=-0.02167, KL=14.74683, time=2.92
train data approx log likelihood logpxy=-31.80, bound=-26.39, time=95.35, beta=1.00
test data approx log likelihood logpxy=-35.50, bound=-30.25, time=45.88, beta=1.00
attack data approx log likelihood logpxy=-69.99, bound=-64.41, time=7.52, beta=1.00
parameters saved at save/pdf_conv_vae_F_512_beta_1_ll_xe/checkpoint_3.pkl
training for 10 epochs with lr=0.00010, beta=1.00
Iter 1, ELBO=-26.68099, p(x|z)=-12.13562, p(y|z)=-0.02353, KL=14.52185, time=2.98
Iter 2, ELBO=-26.67782, p(x|z)=-12.09718, p(y|z)=-0.02094, KL=14.55969, time=3.16
Iter 3, ELBO=-26.65400, p(x|z)=-12.13381, p(y|z)=-0.02340, KL=14.49679, time=2.73
Iter 4, ELBO=-26.52448, p(x|z)=-11.88349, p(y|z)=-0.02393, KL=14.61706, time=2.84
Iter 5, ELBO=-26.49779, p(x|z)=-12.08753, p(y|z)=-0.02725, KL=14.38302, time=2.79
Iter 6, ELBO=-26.53558, p(x|z)=-11.92145, p(y|z)=-0.02360, KL=14.59054, time=2.82
Iter 7, ELBO=-26.52167, p(x|z)=-11.93215, p(y|z)=-0.02249, KL=14.56703, time=2.95
Iter 8, ELBO=-26.38530, p(x|z)=-11.87520, p(y|z)=-0.02274, KL=14.48736, time=3.09
Iter 9, ELBO=-26.30805, p(x|z)=-11.81921, p(y|z)=-0.02004, KL=14.46880, time=2.96
Iter 10, ELBO=-26.33049, p(x|z)=-11.82731, p(y|z)=-0.02356, KL=14.47962, time=2.92
train data approx log likelihood logpxy=-31.39, bound=-26.02, time=95.90, beta=1.00
test data approx log likelihood logpxy=-35.19, bound=-29.95, time=43.88, beta=1.00
attack data approx log likelihood logpxy=-70.85, bound=-66.17, time=7.66, beta=1.00
parameters saved at save/pdf_conv_vae_F_512_beta_1_ll_xe/checkpoint_3.pkl
training for 10 epochs with lr=0.00010, beta=1.00
Iter 1, ELBO=-26.25047, p(x|z)=-11.80250, p(y|z)=-0.02304, KL=14.42493, time=2.90
Iter 2, ELBO=-26.35879, p(x|z)=-11.85544, p(y|z)=-0.02362, KL=14.47973, time=2.77
Iter 3, ELBO=-26.37272, p(x|z)=-11.78639, p(y|z)=-0.02072, KL=14.56561, time=3.01
Iter 4, ELBO=-26.43599, p(x|z)=-11.80030, p(y|z)=-0.02149, KL=14.61420, time=3.02
Iter 5, ELBO=-26.10739, p(x|z)=-11.53811, p(y|z)=-0.02222, KL=14.54705, time=2.77
Iter 6, ELBO=-26.31367, p(x|z)=-12.02727, p(y|z)=-0.02473, KL=14.26167, time=2.81
Iter 7, ELBO=-26.17573, p(x|z)=-11.51719, p(y|z)=-0.02046, KL=14.63808, time=2.86
Iter 8, ELBO=-25.95785, p(x|z)=-11.67566, p(y|z)=-0.02260, KL=14.25959, time=2.76
Iter 9, ELBO=-26.11309, p(x|z)=-11.55112, p(y|z)=-0.02139, KL=14.54059, time=2.74
Iter 10, ELBO=-25.85449, p(x|z)=-11.52541, p(y|z)=-0.02086, KL=14.30822, time=2.90
train data approx log likelihood logpxy=-30.97, bound=-25.68, time=97.78, beta=1.00
test data approx log likelihood logpxy=-34.65, bound=-29.69, time=45.42, beta=1.00
attack data approx log likelihood logpxy=-70.57, bound=-65.90, time=7.98, beta=1.00
parameters saved at save/pdf_conv_vae_F_512_beta_1_ll_xe/checkpoint_3.pkl
training for 10 epochs with lr=0.00010, beta=1.00
Iter 1, ELBO=-25.86635, p(x|z)=-11.33876, p(y|z)=-0.02198, KL=14.50561, time=3.08
Iter 2, ELBO=-25.91642, p(x|z)=-11.60127, p(y|z)=-0.02247, KL=14.29268, time=2.93
Iter 3, ELBO=-25.60036, p(x|z)=-11.18061, p(y|z)=-0.02004, KL=14.39971, time=2.93
Iter 4, ELBO=-25.73856, p(x|z)=-11.60056, p(y|z)=-0.02225, KL=14.11574, time=2.91
Iter 5, ELBO=-25.55909, p(x|z)=-11.10625, p(y|z)=-0.02125, KL=14.43159, time=3.03
Iter 6, ELBO=-25.65549, p(x|z)=-11.56173, p(y|z)=-0.02266, KL=14.07110, time=2.67
Iter 7, ELBO=-25.66578, p(x|z)=-11.29334, p(y|z)=-0.01914, KL=14.35330, time=2.67
Iter 8, ELBO=-25.60370, p(x|z)=-11.24378, p(y|z)=-0.01852, KL=14.34139, time=2.95
Iter 9, ELBO=-25.45429, p(x|z)=-11.25676, p(y|z)=-0.02057, KL=14.17696, time=2.72
Iter 10, ELBO=-25.35720, p(x|z)=-11.10363, p(y|z)=-0.02328, KL=14.23028, time=2.66
train data approx log likelihood logpxy=-30.55, bound=-25.06, time=96.36, beta=1.00
test data approx log likelihood logpxy=-34.51, bound=-29.12, time=44.25, beta=1.00
attack data approx log likelihood logpxy=-70.77, bound=-66.39, time=7.53, beta=1.00
parameters saved at save/pdf_conv_vae_F_512_beta_1_ll_xe/checkpoint_3.pkl
training for 10 epochs with lr=0.00010, beta=1.00
Iter 1, ELBO=-25.51084, p(x|z)=-11.20937, p(y|z)=-0.02213, KL=14.27934, time=2.88
Iter 2, ELBO=-25.36593, p(x|z)=-11.11575, p(y|z)=-0.02229, KL=14.22789, time=2.89
Iter 3, ELBO=-25.30313, p(x|z)=-11.21560, p(y|z)=-0.01895, KL=14.06858, time=2.74
Iter 4, ELBO=-25.40678, p(x|z)=-11.08035, p(y|z)=-0.01785, KL=14.30858, time=2.80
Iter 5, ELBO=-25.40048, p(x|z)=-11.15657, p(y|z)=-0.02185, KL=14.22206, time=2.90
Iter 6, ELBO=-25.27376, p(x|z)=-11.00543, p(y|z)=-0.02212, KL=14.24622, time=2.87
Iter 7, ELBO=-25.34713, p(x|z)=-10.99600, p(y|z)=-0.02063, KL=14.33050, time=3.13
Iter 8, ELBO=-25.23352, p(x|z)=-10.92839, p(y|z)=-0.01890, KL=14.28623, time=2.91
Iter 9, ELBO=-25.19290, p(x|z)=-11.18192, p(y|z)=-0.02510, KL=13.98588, time=2.84
Iter 10, ELBO=-25.00624, p(x|z)=-10.75235, p(y|z)=-0.02267, KL=14.23121, time=3.05
train data approx log likelihood logpxy=-30.27, bound=-24.93, time=93.15, beta=1.00
test data approx log likelihood logpxy=-34.20, bound=-28.54, time=42.79, beta=1.00
attack data approx log likelihood logpxy=-71.01, bound=-65.71, time=7.54, beta=1.00
parameters saved at save/pdf_conv_vae_F_512_beta_1_ll_xe/checkpoint_3.pkl
training for 10 epochs with lr=0.00010, beta=1.00
Iter 1, ELBO=-24.95331, p(x|z)=-10.88153, p(y|z)=-0.02136, KL=14.05043, time=3.45
Iter 2, ELBO=-24.89537, p(x|z)=-10.84240, p(y|z)=-0.02087, KL=14.03211, time=3.49
Iter 3, ELBO=-24.91072, p(x|z)=-10.78157, p(y|z)=-0.02186, KL=14.10729, time=3.18
Iter 4, ELBO=-24.78043, p(x|z)=-10.69769, p(y|z)=-0.02123, KL=14.06151, time=3.62
Iter 5, ELBO=-24.72552, p(x|z)=-10.82497, p(y|z)=-0.02128, KL=13.87927, time=3.05
Iter 6, ELBO=-24.80803, p(x|z)=-10.72878, p(y|z)=-0.02359, KL=14.05566, time=3.02
Iter 7, ELBO=-24.56294, p(x|z)=-10.52973, p(y|z)=-0.02006, KL=14.01315, time=2.85
Iter 8, ELBO=-24.55499, p(x|z)=-10.62167, p(y|z)=-0.02187, KL=13.91145, time=2.76
Iter 9, ELBO=-24.60283, p(x|z)=-10.67020, p(y|z)=-0.02123, KL=13.91140, time=2.88
Iter 10, ELBO=-24.56701, p(x|z)=-10.79448, p(y|z)=-0.01950, KL=13.75304, time=3.63
train data approx log likelihood logpxy=-29.81, bound=-24.35, time=97.05, beta=1.00
test data approx log likelihood logpxy=-33.83, bound=-28.40, time=43.15, beta=1.00
attack data approx log likelihood logpxy=-71.33, bound=-67.16, time=7.26, beta=1.00
parameters saved at save/pdf_conv_vae_F_512_beta_1_ll_xe/checkpoint_3.pkl
training for 10 epochs with lr=0.00010, beta=1.00
Iter 1, ELBO=-24.47404, p(x|z)=-10.43632, p(y|z)=-0.01915, KL=14.01857, time=2.68
Iter 2, ELBO=-24.54677, p(x|z)=-10.58282, p(y|z)=-0.02118, KL=13.94277, time=2.81
Iter 3, ELBO=-24.42600, p(x|z)=-10.51400, p(y|z)=-0.02087, KL=13.89112, time=2.68
Iter 4, ELBO=-24.39385, p(x|z)=-10.47093, p(y|z)=-0.02410, KL=13.89882, time=2.66
Iter 5, ELBO=-24.23835, p(x|z)=-10.32506, p(y|z)=-0.01823, KL=13.89506, time=2.70
Iter 6, ELBO=-24.19880, p(x|z)=-10.35620, p(y|z)=-0.02011, KL=13.82249, time=2.68
Iter 7, ELBO=-24.11925, p(x|z)=-10.42945, p(y|z)=-0.02057, KL=13.66923, time=2.71
Iter 8, ELBO=-24.21582, p(x|z)=-10.35478, p(y|z)=-0.02071, KL=13.84034, time=2.86
Iter 9, ELBO=-24.29133, p(x|z)=-10.36664, p(y|z)=-0.01937, KL=13.90532, time=2.77
Iter 10, ELBO=-24.05744, p(x|z)=-10.28674, p(y|z)=-0.01998, KL=13.75071, time=2.84
train data approx log likelihood logpxy=-29.44, bound=-23.67, time=93.92, beta=1.00
test data approx log likelihood logpxy=-33.57, bound=-28.34, time=44.42, beta=1.00
attack data approx log likelihood logpxy=-71.89, bound=-66.32, time=7.24, beta=1.00
parameters saved at save/pdf_conv_vae_F_512_beta_1_ll_xe/checkpoint_3.pkl
training for 10 epochs with lr=0.00010, beta=1.00
Iter 1, ELBO=-24.05154, p(x|z)=-10.25238, p(y|z)=-0.01756, KL=13.78160, time=2.95
Iter 2, ELBO=-23.88629, p(x|z)=-10.20591, p(y|z)=-0.02247, KL=13.65791, time=3.03
Iter 3, ELBO=-23.86682, p(x|z)=-10.11345, p(y|z)=-0.01795, KL=13.73542, time=3.32
Iter 4, ELBO=-23.83372, p(x|z)=-10.04704, p(y|z)=-0.01975, KL=13.76693, time=2.68
Iter 5, ELBO=-23.92558, p(x|z)=-10.35821, p(y|z)=-0.02009, KL=13.54727, time=2.79
Iter 6, ELBO=-23.85351, p(x|z)=-10.10478, p(y|z)=-0.02326, KL=13.72547, time=2.76
Iter 7, ELBO=-23.63743, p(x|z)=-9.90627, p(y|z)=-0.02040, KL=13.71075, time=2.79
Iter 8, ELBO=-23.78242, p(x|z)=-10.11184, p(y|z)=-0.02066, KL=13.64992, time=2.94
Iter 9, ELBO=-23.73603, p(x|z)=-10.10013, p(y|z)=-0.02187, KL=13.61403, time=3.28
Iter 10, ELBO=-23.57048, p(x|z)=-9.96398, p(y|z)=-0.01984, KL=13.58666, time=2.82
train data approx log likelihood logpxy=-29.00, bound=-23.14, time=97.79, beta=1.00
test data approx log likelihood logpxy=-33.18, bound=-27.67, time=41.71, beta=1.00
attack data approx log likelihood logpxy=-71.65, bound=-66.34, time=7.41, beta=1.00
parameters saved at save/pdf_conv_vae_F_512_beta_1_ll_xe/checkpoint_3.pkl
training for 10 epochs with lr=0.00010, beta=1.00
Iter 1, ELBO=-23.85976, p(x|z)=-10.10572, p(y|z)=-0.01864, KL=13.73540, time=3.03
Iter 2, ELBO=-23.54295, p(x|z)=-9.89540, p(y|z)=-0.01901, KL=13.62854, time=2.83
Iter 3, ELBO=-23.59997, p(x|z)=-10.01885, p(y|z)=-0.01781, KL=13.56331, time=2.67
Iter 4, ELBO=-23.34894, p(x|z)=-9.77796, p(y|z)=-0.01962, KL=13.55137, time=2.81
Iter 5, ELBO=-23.48868, p(x|z)=-9.87140, p(y|z)=-0.01946, KL=13.59782, time=2.63
Iter 6, ELBO=-23.23656, p(x|z)=-9.74553, p(y|z)=-0.01654, KL=13.47449, time=2.90
Iter 7, ELBO=-23.51664, p(x|z)=-9.92665, p(y|z)=-0.01929, KL=13.57070, time=3.48
Iter 8, ELBO=-23.22499, p(x|z)=-9.72373, p(y|z)=-0.01967, KL=13.48159, time=3.48
Iter 9, ELBO=-23.04295, p(x|z)=-9.61005, p(y|z)=-0.01925, KL=13.41365, time=2.91
Iter 10, ELBO=-23.04166, p(x|z)=-9.65256, p(y|z)=-0.02053, KL=13.36857, time=3.26
train data approx log likelihood logpxy=-28.44, bound=-22.83, time=100.46, beta=1.00
test data approx log likelihood logpxy=-32.74, bound=-27.30, time=43.77, beta=1.00
attack data approx log likelihood logpxy=-71.51, bound=-66.51, time=7.65, beta=1.00
parameters saved at save/pdf_conv_vae_F_512_beta_1_ll_xe/checkpoint_3.pkl
parameters saved at save/pdf_conv_vae_F_512_beta_1_ll_xe/checkpoint_3.pkl
PDF X_train shape: (13190, 3514)
PDF X_test shape: (6146, 3514)
PDF X_attack shape: (1600, 3514)
[0. 0. 0. ... 0. 0. 0.]
[0. 1.]
input_shape: (3514,)
dimX: 3514
X_ph.shape: (1000, 3514)
Y_ph.shape: (1000, 2)
X_train.shape: (13190, 3514)
Y_train.shape: (13190, 2)
param loaded 18
assign to 18 tensors..
no. of uninitialised variables 38 18
loaded parameters from save/pdf_conv_vae_F_512_beta_1_ll_xe/checkpoint_3.pkl
training for 10 epochs with lr=0.00010, beta=1.00
Iter 1, ELBO=-23.44798, p(x|z)=-9.89833, p(y|z)=-0.02140, KL=13.52824, time=3.91
Iter 2, ELBO=-23.29219, p(x|z)=-9.95623, p(y|z)=-0.02109, KL=13.31487, time=3.33
Iter 3, ELBO=-23.17598, p(x|z)=-9.52448, p(y|z)=-0.02295, KL=13.62855, time=3.38
Iter 4, ELBO=-23.20469, p(x|z)=-9.76336, p(y|z)=-0.02045, KL=13.42088, time=3.67
Iter 5, ELBO=-22.97129, p(x|z)=-9.58468, p(y|z)=-0.02119, KL=13.36542, time=3.85
Iter 6, ELBO=-23.01043, p(x|z)=-9.54338, p(y|z)=-0.01812, KL=13.44893, time=3.16
Iter 7, ELBO=-23.00682, p(x|z)=-9.61269, p(y|z)=-0.01909, KL=13.37504, time=2.97
Iter 8, ELBO=-22.86008, p(x|z)=-9.47319, p(y|z)=-0.02095, KL=13.36594, time=3.03
Iter 9, ELBO=-22.69028, p(x|z)=-9.38831, p(y|z)=-0.01620, KL=13.28576, time=3.05
Iter 10, ELBO=-22.74638, p(x|z)=-9.52149, p(y|z)=-0.01910, KL=13.20579, time=3.03
train data approx log likelihood logpxy=-28.14, bound=-22.51, time=97.08, beta=1.00
test data approx log likelihood logpxy=-32.51, bound=-26.71, time=44.05, beta=1.00
attack data approx log likelihood logpxy=-72.35, bound=-67.03, time=7.34, beta=1.00
parameters saved at save/pdf_conv_vae_F_512_beta_1_ll_xe/checkpoint_4.pkl
training for 10 epochs with lr=0.00010, beta=1.00
Iter 1, ELBO=-22.65250, p(x|z)=-9.39862, p(y|z)=-0.01802, KL=13.23587, time=2.93
Iter 2, ELBO=-22.53492, p(x|z)=-9.21473, p(y|z)=-0.01712, KL=13.30308, time=3.00
Iter 3, ELBO=-22.45708, p(x|z)=-9.45956, p(y|z)=-0.01840, KL=12.97913, time=2.93
Iter 4, ELBO=-22.61409, p(x|z)=-9.29620, p(y|z)=-0.02123, KL=13.29667, time=2.97
Iter 5, ELBO=-22.55407, p(x|z)=-9.35148, p(y|z)=-0.02077, KL=13.18182, time=2.97
Iter 6, ELBO=-22.42346, p(x|z)=-9.22342, p(y|z)=-0.01927, KL=13.18077, time=3.00
Iter 7, ELBO=-22.41802, p(x|z)=-9.26393, p(y|z)=-0.01687, KL=13.13722, time=2.94
Iter 8, ELBO=-22.46900, p(x|z)=-9.23890, p(y|z)=-0.01721, KL=13.21289, time=3.03
Iter 9, ELBO=-22.33243, p(x|z)=-9.17416, p(y|z)=-0.01809, KL=13.14019, time=2.96
Iter 10, ELBO=-22.41617, p(x|z)=-9.16490, p(y|z)=-0.01919, KL=13.23208, time=2.98
train data approx log likelihood logpxy=-27.94, bound=-22.16, time=95.81, beta=1.00
test data approx log likelihood logpxy=-32.52, bound=-26.45, time=43.90, beta=1.00
attack data approx log likelihood logpxy=-73.30, bound=-67.53, time=7.31, beta=1.00
parameters saved at save/pdf_conv_vae_F_512_beta_1_ll_xe/checkpoint_4.pkl
training for 10 epochs with lr=0.00010, beta=1.00
Iter 1, ELBO=-22.21555, p(x|z)=-9.09742, p(y|z)=-0.02022, KL=13.09792, time=2.97
Iter 2, ELBO=-22.27963, p(x|z)=-9.16243, p(y|z)=-0.02123, KL=13.09597, time=2.98
Iter 3, ELBO=-22.26679, p(x|z)=-9.27661, p(y|z)=-0.02089, KL=12.96928, time=3.00
Iter 4, ELBO=-22.32640, p(x|z)=-9.11223, p(y|z)=-0.01714, KL=13.19702, time=3.02
Iter 5, ELBO=-22.02293, p(x|z)=-9.03557, p(y|z)=-0.01514, KL=12.97221, time=3.00
Iter 6, ELBO=-21.89118, p(x|z)=-8.89027, p(y|z)=-0.02098, KL=12.97993, time=3.05
Iter 7, ELBO=-21.96137, p(x|z)=-8.92220, p(y|z)=-0.02124, KL=13.01793, time=3.03
Iter 8, ELBO=-22.03353, p(x|z)=-9.02382, p(y|z)=-0.01917, KL=12.99055, time=3.02
Iter 9, ELBO=-21.99446, p(x|z)=-9.00237, p(y|z)=-0.01888, KL=12.97322, time=2.91
Iter 10, ELBO=-21.96566, p(x|z)=-8.86772, p(y|z)=-0.01781, KL=13.08012, time=3.01
train data approx log likelihood logpxy=-27.39, bound=-21.70, time=96.14, beta=1.00
test data approx log likelihood logpxy=-32.01, bound=-26.23, time=44.30, beta=1.00
attack data approx log likelihood logpxy=-73.50, bound=-68.48, time=7.35, beta=1.00
parameters saved at save/pdf_conv_vae_F_512_beta_1_ll_xe/checkpoint_4.pkl
training for 10 epochs with lr=0.00010, beta=1.00
Iter 1, ELBO=-21.69567, p(x|z)=-8.77326, p(y|z)=-0.02125, KL=12.90116, time=2.97
Iter 2, ELBO=-21.85534, p(x|z)=-8.96639, p(y|z)=-0.01960, KL=12.86936, time=3.00
Iter 3, ELBO=-21.85565, p(x|z)=-8.92393, p(y|z)=-0.01956, KL=12.91216, time=2.99
Iter 4, ELBO=-21.71934, p(x|z)=-8.74472, p(y|z)=-0.01764, KL=12.95698, time=2.98
Iter 5, ELBO=-21.71135, p(x|z)=-8.76950, p(y|z)=-0.02073, KL=12.92112, time=2.93
Iter 6, ELBO=-21.92362, p(x|z)=-9.09129, p(y|z)=-0.01986, KL=12.81248, time=3.01
Iter 7, ELBO=-21.66886, p(x|z)=-8.64002, p(y|z)=-0.01963, KL=13.00921, time=2.99
Iter 8, ELBO=-21.55679, p(x|z)=-8.67242, p(y|z)=-0.01942, KL=12.86496, time=2.89
Iter 9, ELBO=-21.51207, p(x|z)=-8.62639, p(y|z)=-0.01721, KL=12.86847, time=2.99
Iter 10, ELBO=-21.45233, p(x|z)=-8.77813, p(y|z)=-0.01715, KL=12.65705, time=2.92
train data approx log likelihood logpxy=-27.17, bound=-21.20, time=95.80, beta=1.00
test data approx log likelihood logpxy=-31.88, bound=-25.74, time=44.35, beta=1.00
attack data approx log likelihood logpxy=-74.44, bound=-68.66, time=7.42, beta=1.00
parameters saved at save/pdf_conv_vae_F_512_beta_1_ll_xe/checkpoint_4.pkl
training for 10 epochs with lr=0.00010, beta=1.00
Iter 1, ELBO=-21.59110, p(x|z)=-8.66117, p(y|z)=-0.01950, KL=12.91043, time=3.03
Iter 2, ELBO=-21.37213, p(x|z)=-8.61514, p(y|z)=-0.01558, KL=12.74142, time=3.04
Iter 3, ELBO=-21.31226, p(x|z)=-8.58386, p(y|z)=-0.01711, KL=12.71129, time=2.95
Iter 4, ELBO=-21.53588, p(x|z)=-8.74259, p(y|z)=-0.01832, KL=12.77496, time=3.01
Iter 5, ELBO=-21.37637, p(x|z)=-8.55212, p(y|z)=-0.01914, KL=12.80511, time=3.03
Iter 6, ELBO=-21.30298, p(x|z)=-8.52714, p(y|z)=-0.01545, KL=12.76040, time=2.99
Iter 7, ELBO=-21.28255, p(x|z)=-8.46611, p(y|z)=-0.01765, KL=12.79879, time=2.99
Iter 8, ELBO=-21.17996, p(x|z)=-8.60177, p(y|z)=-0.01704, KL=12.56115, time=2.99
Iter 9, ELBO=-21.40365, p(x|z)=-8.49842, p(y|z)=-0.01770, KL=12.88753, time=3.04
Iter 10, ELBO=-21.20200, p(x|z)=-8.53012, p(y|z)=-0.01789, KL=12.65400, time=2.92
train data approx log likelihood logpxy=-26.78, bound=-20.94, time=95.97, beta=1.00
test data approx log likelihood logpxy=-31.49, bound=-25.70, time=44.31, beta=1.00
attack data approx log likelihood logpxy=-74.77, bound=-70.44, time=7.54, beta=1.00
parameters saved at save/pdf_conv_vae_F_512_beta_1_ll_xe/checkpoint_4.pkl
training for 10 epochs with lr=0.00010, beta=1.00
Iter 1, ELBO=-21.24907, p(x|z)=-8.47198, p(y|z)=-0.02052, KL=12.75657, time=3.02
Iter 2, ELBO=-21.08473, p(x|z)=-8.39765, p(y|z)=-0.01986, KL=12.66723, time=2.99
Iter 3, ELBO=-20.92877, p(x|z)=-8.30702, p(y|z)=-0.01840, KL=12.60336, time=3.04
Iter 4, ELBO=-21.27654, p(x|z)=-8.49244, p(y|z)=-0.01969, KL=12.76442, time=2.98
Iter 5, ELBO=-21.00319, p(x|z)=-8.36533, p(y|z)=-0.01472, KL=12.62314, time=3.02
Iter 6, ELBO=-21.00043, p(x|z)=-8.34245, p(y|z)=-0.01541, KL=12.64258, time=3.06
Iter 7, ELBO=-21.01717, p(x|z)=-8.47356, p(y|z)=-0.01869, KL=12.52492, time=3.03
Iter 8, ELBO=-20.80356, p(x|z)=-8.15361, p(y|z)=-0.01622, KL=12.63372, time=2.96
Iter 9, ELBO=-20.98724, p(x|z)=-8.43190, p(y|z)=-0.01742, KL=12.53792, time=3.00
Iter 10, ELBO=-20.91880, p(x|z)=-8.38870, p(y|z)=-0.01824, KL=12.51187, time=2.99
train data approx log likelihood logpxy=-26.48, bound=-20.52, time=95.41, beta=1.00
test data approx log likelihood logpxy=-31.31, bound=-25.44, time=44.15, beta=1.00
attack data approx log likelihood logpxy=-75.40, bound=-70.24, time=7.37, beta=1.00
parameters saved at save/pdf_conv_vae_F_512_beta_1_ll_xe/checkpoint_4.pkl
training for 10 epochs with lr=0.00010, beta=1.00
Iter 1, ELBO=-21.00946, p(x|z)=-8.31112, p(y|z)=-0.01964, KL=12.67870, time=3.01
Iter 2, ELBO=-20.88602, p(x|z)=-8.21736, p(y|z)=-0.01608, KL=12.65257, time=2.95
Iter 3, ELBO=-20.69396, p(x|z)=-8.21476, p(y|z)=-0.01821, KL=12.46099, time=2.93
Iter 4, ELBO=-20.69030, p(x|z)=-8.19289, p(y|z)=-0.01737, KL=12.48003, time=3.03
Iter 5, ELBO=-20.74908, p(x|z)=-8.14973, p(y|z)=-0.01711, KL=12.58224, time=2.94
Iter 6, ELBO=-20.57207, p(x|z)=-8.11294, p(y|z)=-0.01761, KL=12.44152, time=2.96
Iter 7, ELBO=-20.55267, p(x|z)=-8.08243, p(y|z)=-0.01582, KL=12.45442, time=2.99
Iter 8, ELBO=-20.61729, p(x|z)=-8.10654, p(y|z)=-0.01791, KL=12.49284, time=2.99
Iter 9, ELBO=-20.55614, p(x|z)=-8.04828, p(y|z)=-0.01532, KL=12.49255, time=2.93
Iter 10, ELBO=-20.51990, p(x|z)=-8.10820, p(y|z)=-0.01507, KL=12.39662, time=2.99
train data approx log likelihood logpxy=-26.15, bound=-20.11, time=96.24, beta=1.00
test data approx log likelihood logpxy=-30.96, bound=-25.03, time=44.36, beta=1.00
attack data approx log likelihood logpxy=-75.22, bound=-69.61, time=7.32, beta=1.00
parameters saved at save/pdf_conv_vae_F_512_beta_1_ll_xe/checkpoint_4.pkl
training for 10 epochs with lr=0.00010, beta=1.00
Iter 1, ELBO=-20.45748, p(x|z)=-7.94153, p(y|z)=-0.01812, KL=12.49784, time=3.09
Iter 2, ELBO=-20.36366, p(x|z)=-7.94666, p(y|z)=-0.01846, KL=12.39854, time=2.97
Iter 3, ELBO=-20.52338, p(x|z)=-7.94017, p(y|z)=-0.01444, KL=12.56877, time=2.96
Iter 4, ELBO=-20.27542, p(x|z)=-8.01836, p(y|z)=-0.01734, KL=12.23973, time=3.03
Iter 5, ELBO=-20.41424, p(x|z)=-7.97554, p(y|z)=-0.01687, KL=12.42183, time=3.03
Iter 6, ELBO=-20.39116, p(x|z)=-7.95402, p(y|z)=-0.01826, KL=12.41889, time=2.94
Iter 7, ELBO=-20.25929, p(x|z)=-7.92845, p(y|z)=-0.01737, KL=12.31347, time=2.98
Iter 8, ELBO=-20.25867, p(x|z)=-7.87382, p(y|z)=-0.01634, KL=12.36852, time=3.01
Iter 9, ELBO=-20.32101, p(x|z)=-7.96248, p(y|z)=-0.01402, KL=12.34451, time=3.03
Iter 10, ELBO=-20.24597, p(x|z)=-7.82492, p(y|z)=-0.01895, KL=12.40210, time=2.98
train data approx log likelihood logpxy=-25.96, bound=-19.98, time=95.73, beta=1.00
test data approx log likelihood logpxy=-30.95, bound=-24.94, time=43.93, beta=1.00
attack data approx log likelihood logpxy=-76.32, bound=-71.37, time=7.31, beta=1.00
parameters saved at save/pdf_conv_vae_F_512_beta_1_ll_xe/checkpoint_4.pkl
training for 10 epochs with lr=0.00010, beta=1.00
Iter 1, ELBO=-19.97419, p(x|z)=-7.72902, p(y|z)=-0.01628, KL=12.22889, time=2.90
Iter 2, ELBO=-20.11828, p(x|z)=-7.92631, p(y|z)=-0.01645, KL=12.17552, time=3.03
Iter 3, ELBO=-20.14956, p(x|z)=-7.76676, p(y|z)=-0.01400, KL=12.36879, time=3.03
Iter 4, ELBO=-20.00437, p(x|z)=-7.67542, p(y|z)=-0.01400, KL=12.31495, time=2.94
Iter 5, ELBO=-20.03641, p(x|z)=-7.79300, p(y|z)=-0.01697, KL=12.22644, time=2.96
Iter 6, ELBO=-20.09350, p(x|z)=-7.68935, p(y|z)=-0.01528, KL=12.38887, time=3.00
Iter 7, ELBO=-19.88619, p(x|z)=-7.76854, p(y|z)=-0.01649, KL=12.10116, time=2.93
Iter 8, ELBO=-19.95285, p(x|z)=-7.76365, p(y|z)=-0.01553, KL=12.17366, time=2.97
Iter 9, ELBO=-19.96430, p(x|z)=-7.71184, p(y|z)=-0.01769, KL=12.23477, time=3.02
Iter 10, ELBO=-19.74839, p(x|z)=-7.62201, p(y|z)=-0.01537, KL=12.11101, time=2.95
train data approx log likelihood logpxy=-25.58, bound=-19.61, time=96.05, beta=1.00
test data approx log likelihood logpxy=-30.65, bound=-24.76, time=44.25, beta=1.00
attack data approx log likelihood logpxy=-76.89, bound=-73.02, time=7.39, beta=1.00
parameters saved at save/pdf_conv_vae_F_512_beta_1_ll_xe/checkpoint_4.pkl
training for 10 epochs with lr=0.00010, beta=1.00
Iter 1, ELBO=-20.00949, p(x|z)=-7.77645, p(y|z)=-0.01705, KL=12.21599, time=3.02
Iter 2, ELBO=-19.79555, p(x|z)=-7.65161, p(y|z)=-0.01884, KL=12.12510, time=3.05
Iter 3, ELBO=-19.92501, p(x|z)=-7.73737, p(y|z)=-0.01846, KL=12.16918, time=3.05
Iter 4, ELBO=-19.65280, p(x|z)=-7.50771, p(y|z)=-0.01434, KL=12.13074, time=2.94
Iter 5, ELBO=-19.61480, p(x|z)=-7.49158, p(y|z)=-0.01671, KL=12.10651, time=3.02
Iter 6, ELBO=-19.61199, p(x|z)=-7.54929, p(y|z)=-0.01592, KL=12.04677, time=3.02
Iter 7, ELBO=-19.64622, p(x|z)=-7.49382, p(y|z)=-0.01484, KL=12.13757, time=2.96
Iter 8, ELBO=-19.61988, p(x|z)=-7.52215, p(y|z)=-0.01692, KL=12.08081, time=2.95
Iter 9, ELBO=-19.64764, p(x|z)=-7.61857, p(y|z)=-0.01733, KL=12.01174, time=3.00
Iter 10, ELBO=-19.71324, p(x|z)=-7.49277, p(y|z)=-0.01526, KL=12.20521, time=2.99
train data approx log likelihood logpxy=-25.50, bound=-19.35, time=95.70, beta=1.00
test data approx log likelihood logpxy=-30.72, bound=-24.65, time=44.39, beta=1.00
attack data approx log likelihood logpxy=-77.63, bound=-73.00, time=7.41, beta=1.00
parameters saved at save/pdf_conv_vae_F_512_beta_1_ll_xe/checkpoint_4.pkl
parameters saved at save/pdf_conv_vae_F_512_beta_1_ll_xe/checkpoint_4.pkl
PDF X_train shape: (13190, 3514)
PDF X_test shape: (6146, 3514)
PDF X_attack shape: (1600, 3514)
[0. 0. 0. ... 0. 0. 0.]
[0. 1.]
input_shape: (3514,)
dimX: 3514
X_ph.shape: (1000, 3514)
Y_ph.shape: (1000, 2)
X_train.shape: (13190, 3514)
Y_train.shape: (13190, 2)
param loaded 18
assign to 18 tensors..
no. of uninitialised variables 38 18
loaded parameters from save/pdf_conv_vae_F_512_beta_1_ll_xe/checkpoint_4.pkl
training for 10 epochs with lr=0.00010, beta=1.00
Iter 1, ELBO=-19.82031, p(x|z)=-7.71819, p(y|z)=-0.01500, KL=12.08712, time=3.67
Iter 2, ELBO=-19.61079, p(x|z)=-7.38581, p(y|z)=-0.01317, KL=12.21181, time=3.40
Iter 3, ELBO=-19.47675, p(x|z)=-7.48495, p(y|z)=-0.01515, KL=11.97665, time=3.45
Iter 4, ELBO=-19.40976, p(x|z)=-7.37224, p(y|z)=-0.01600, KL=12.02153, time=4.63
Iter 5, ELBO=-19.43436, p(x|z)=-7.38098, p(y|z)=-0.01432, KL=12.03906, time=7.85
Iter 6, ELBO=-19.33481, p(x|z)=-7.32126, p(y|z)=-0.01325, KL=12.00030, time=7.67
Iter 7, ELBO=-19.28873, p(x|z)=-7.35913, p(y|z)=-0.01460, KL=11.91500, time=7.70
Iter 8, ELBO=-19.52983, p(x|z)=-7.39918, p(y|z)=-0.01542, KL=12.11522, time=7.71
Iter 9, ELBO=-19.31281, p(x|z)=-7.30668, p(y|z)=-0.01280, KL=11.99333, time=7.55
Iter 10, ELBO=-19.31913, p(x|z)=-7.40824, p(y|z)=-0.01437, KL=11.89652, time=7.58
train data approx log likelihood logpxy=-25.42, bound=-19.02, time=188.93, beta=1.00
test data approx log likelihood logpxy=-30.74, bound=-24.36, time=56.22, beta=1.00
attack data approx log likelihood logpxy=-79.00, bound=-73.34, time=7.34, beta=1.00
parameters saved at save/pdf_conv_vae_F_512_beta_1_ll_xe/checkpoint_5.pkl
training for 10 epochs with lr=0.00010, beta=1.00
Iter 1, ELBO=-19.21748, p(x|z)=-7.15506, p(y|z)=-0.01446, KL=12.04796, time=2.93
Iter 2, ELBO=-19.16835, p(x|z)=-7.20165, p(y|z)=-0.01399, KL=11.95272, time=3.01
Iter 3, ELBO=-19.29741, p(x|z)=-7.36959, p(y|z)=-0.01321, KL=11.91461, time=2.97
Iter 4, ELBO=-19.27407, p(x|z)=-7.20068, p(y|z)=-0.01468, KL=12.05871, time=2.94
Iter 5, ELBO=-19.01318, p(x|z)=-7.08545, p(y|z)=-0.01554, KL=11.91218, time=3.01
Iter 6, ELBO=-18.99674, p(x|z)=-7.17795, p(y|z)=-0.01461, KL=11.80417, time=3.06
Iter 7, ELBO=-19.11382, p(x|z)=-7.17311, p(y|z)=-0.01374, KL=11.92698, time=2.92
Iter 8, ELBO=-19.04093, p(x|z)=-7.22312, p(y|z)=-0.01240, KL=11.80540, time=2.97
Iter 9, ELBO=-18.90939, p(x|z)=-7.04685, p(y|z)=-0.01418, KL=11.84836, time=2.96
Iter 10, ELBO=-19.02441, p(x|z)=-7.14428, p(y|z)=-0.01567, KL=11.86446, time=2.94
train data approx log likelihood logpxy=-25.10, bound=-18.69, time=95.67, beta=1.00
test data approx log likelihood logpxy=-30.48, bound=-23.90, time=44.25, beta=1.00
attack data approx log likelihood logpxy=-80.30, bound=-74.58, time=7.39, beta=1.00
parameters saved at save/pdf_conv_vae_F_512_beta_1_ll_xe/checkpoint_5.pkl
training for 10 epochs with lr=0.00010, beta=1.00
Iter 1, ELBO=-18.86934, p(x|z)=-7.00537, p(y|z)=-0.01269, KL=11.85128, time=2.98
Iter 2, ELBO=-18.74632, p(x|z)=-6.91697, p(y|z)=-0.01144, KL=11.81790, time=2.96
Iter 3, ELBO=-18.83019, p(x|z)=-7.09806, p(y|z)=-0.01698, KL=11.71514, time=2.93
Iter 4, ELBO=-18.88194, p(x|z)=-7.02698, p(y|z)=-0.01399, KL=11.84097, time=3.01
Iter 5, ELBO=-18.80090, p(x|z)=-6.98446, p(y|z)=-0.01497, KL=11.80147, time=2.98
Iter 6, ELBO=-18.69271, p(x|z)=-6.95489, p(y|z)=-0.01199, KL=11.72583, time=2.99
Iter 7, ELBO=-18.75503, p(x|z)=-7.06705, p(y|z)=-0.01091, KL=11.67707, time=3.01
Iter 8, ELBO=-18.75607, p(x|z)=-6.93553, p(y|z)=-0.01334, KL=11.80720, time=3.02
Iter 9, ELBO=-18.70456, p(x|z)=-6.99321, p(y|z)=-0.01417, KL=11.69718, time=2.95
Iter 10, ELBO=-18.60510, p(x|z)=-6.82741, p(y|z)=-0.01132, KL=11.76637, time=3.00
train data approx log likelihood logpxy=-24.94, bound=-18.60, time=96.39, beta=1.00
test data approx log likelihood logpxy=-30.44, bound=-23.88, time=44.42, beta=1.00
attack data approx log likelihood logpxy=-80.30, bound=-74.67, time=7.34, beta=1.00
parameters saved at save/pdf_conv_vae_F_512_beta_1_ll_xe/checkpoint_5.pkl
training for 10 epochs with lr=0.00010, beta=1.00
Iter 1, ELBO=-18.65193, p(x|z)=-6.94697, p(y|z)=-0.01413, KL=11.69083, time=2.91
Iter 2, ELBO=-18.66827, p(x|z)=-6.91545, p(y|z)=-0.01383, KL=11.73899, time=3.00
Iter 3, ELBO=-18.56919, p(x|z)=-6.81778, p(y|z)=-0.01243, KL=11.73899, time=3.01
Iter 4, ELBO=-18.57444, p(x|z)=-6.87314, p(y|z)=-0.01414, KL=11.68715, time=2.95
Iter 5, ELBO=-18.56663, p(x|z)=-6.82298, p(y|z)=-0.01264, KL=11.73102, time=2.97
Iter 6, ELBO=-18.55998, p(x|z)=-6.93746, p(y|z)=-0.01512, KL=11.60740, time=2.94
Iter 7, ELBO=-18.54282, p(x|z)=-6.78017, p(y|z)=-0.01449, KL=11.74815, time=2.96
Iter 8, ELBO=-18.42985, p(x|z)=-6.76090, p(y|z)=-0.01223, KL=11.65672, time=2.97
Iter 9, ELBO=-18.45038, p(x|z)=-6.75914, p(y|z)=-0.01376, KL=11.67747, time=2.97
Iter 10, ELBO=-18.27247, p(x|z)=-6.73549, p(y|z)=-0.01505, KL=11.52193, time=2.91
train data approx log likelihood logpxy=-24.64, bound=-18.14, time=95.83, beta=1.00
test data approx log likelihood logpxy=-30.22, bound=-23.99, time=43.98, beta=1.00
attack data approx log likelihood logpxy=-80.65, bound=-74.39, time=7.37, beta=1.00
parameters saved at save/pdf_conv_vae_F_512_beta_1_ll_xe/checkpoint_5.pkl
training for 10 epochs with lr=0.00010, beta=1.00
Iter 1, ELBO=-18.42922, p(x|z)=-6.70809, p(y|z)=-0.01111, KL=11.71001, time=3.04
Iter 2, ELBO=-18.39992, p(x|z)=-6.74773, p(y|z)=-0.01427, KL=11.63792, time=2.96
Iter 3, ELBO=-18.33220, p(x|z)=-6.68926, p(y|z)=-0.01213, KL=11.63081, time=2.96
Iter 4, ELBO=-18.33935, p(x|z)=-6.81606, p(y|z)=-0.01477, KL=11.50852, time=3.00
Iter 5, ELBO=-18.29154, p(x|z)=-6.71029, p(y|z)=-0.01148, KL=11.56977, time=2.95
Iter 6, ELBO=-18.25852, p(x|z)=-6.67249, p(y|z)=-0.01382, KL=11.57220, time=2.94
Iter 7, ELBO=-18.31164, p(x|z)=-6.71552, p(y|z)=-0.01378, KL=11.58235, time=3.00
Iter 8, ELBO=-18.18915, p(x|z)=-6.61749, p(y|z)=-0.01241, KL=11.55924, time=2.98
Iter 9, ELBO=-18.15831, p(x|z)=-6.67295, p(y|z)=-0.01283, KL=11.47253, time=2.98
Iter 10, ELBO=-18.14114, p(x|z)=-6.64031, p(y|z)=-0.01106, KL=11.48978, time=3.01
train data approx log likelihood logpxy=-24.54, bound=-17.93, time=96.27, beta=1.00
test data approx log likelihood logpxy=-30.12, bound=-23.54, time=44.39, beta=1.00
attack data approx log likelihood logpxy=-80.98, bound=-75.63, time=7.50, beta=1.00
parameters saved at save/pdf_conv_vae_F_512_beta_1_ll_xe/checkpoint_5.pkl
training for 10 epochs with lr=0.00010, beta=1.00
Iter 1, ELBO=-17.99537, p(x|z)=-6.45546, p(y|z)=-0.01256, KL=11.52735, time=2.90
Iter 2, ELBO=-18.15651, p(x|z)=-6.64858, p(y|z)=-0.01239, KL=11.49555, time=2.98
Iter 3, ELBO=-18.12878, p(x|z)=-6.58672, p(y|z)=-0.01247, KL=11.52959, time=2.98
Iter 4, ELBO=-18.11833, p(x|z)=-6.55543, p(y|z)=-0.01313, KL=11.54977, time=2.97
Iter 5, ELBO=-17.85982, p(x|z)=-6.56598, p(y|z)=-0.01175, KL=11.28208, time=3.01
Iter 6, ELBO=-18.10827, p(x|z)=-6.54887, p(y|z)=-0.01103, KL=11.54836, time=3.01
Iter 7, ELBO=-17.92153, p(x|z)=-6.46162, p(y|z)=-0.01330, KL=11.44661, time=2.97
Iter 8, ELBO=-17.96228, p(x|z)=-6.49720, p(y|z)=-0.01005, KL=11.45503, time=3.01
Iter 9, ELBO=-17.94286, p(x|z)=-6.40463, p(y|z)=-0.01232, KL=11.52591, time=2.99
Iter 10, ELBO=-17.99673, p(x|z)=-6.56254, p(y|z)=-0.01128, KL=11.42291, time=2.94
train data approx log likelihood logpxy=-24.33, bound=-17.65, time=96.60, beta=1.00
test data approx log likelihood logpxy=-30.10, bound=-23.34, time=44.28, beta=1.00
attack data approx log likelihood logpxy=-81.69, bound=-75.55, time=7.36, beta=1.00
parameters saved at save/pdf_conv_vae_F_512_beta_1_ll_xe/checkpoint_5.pkl
training for 10 epochs with lr=0.00010, beta=1.00
Iter 1, ELBO=-17.82112, p(x|z)=-6.38511, p(y|z)=-0.01247, KL=11.42354, time=3.01
Iter 2, ELBO=-17.83012, p(x|z)=-6.40643, p(y|z)=-0.01132, KL=11.41237, time=2.89
Iter 3, ELBO=-17.84646, p(x|z)=-6.41200, p(y|z)=-0.01188, KL=11.42258, time=3.01
Iter 4, ELBO=-17.68761, p(x|z)=-6.40325, p(y|z)=-0.01235, KL=11.27201, time=2.96
Iter 5, ELBO=-17.85850, p(x|z)=-6.41638, p(y|z)=-0.01262, KL=11.42949, time=2.93
Iter 6, ELBO=-17.74416, p(x|z)=-6.42069, p(y|z)=-0.01205, KL=11.31142, time=2.97
Iter 7, ELBO=-17.83037, p(x|z)=-6.32611, p(y|z)=-0.01158, KL=11.49269, time=2.96
Iter 8, ELBO=-17.78742, p(x|z)=-6.40214, p(y|z)=-0.01385, KL=11.37143, time=2.87
Iter 9, ELBO=-17.58895, p(x|z)=-6.28555, p(y|z)=-0.01106, KL=11.29234, time=3.03
Iter 10, ELBO=-17.72323, p(x|z)=-6.41968, p(y|z)=-0.01208, KL=11.29147, time=2.99
train data approx log likelihood logpxy=-24.11, bound=-17.56, time=96.79, beta=1.00
test data approx log likelihood logpxy=-29.85, bound=-23.17, time=44.41, beta=1.00
attack data approx log likelihood logpxy=-82.39, bound=-76.69, time=7.51, beta=1.00
parameters saved at save/pdf_conv_vae_F_512_beta_1_ll_xe/checkpoint_5.pkl
training for 10 epochs with lr=0.00010, beta=1.00
Iter 1, ELBO=-17.65650, p(x|z)=-6.28413, p(y|z)=-0.01045, KL=11.36193, time=3.03
Iter 2, ELBO=-17.65653, p(x|z)=-6.41778, p(y|z)=-0.01121, KL=11.22754, time=3.03
Iter 3, ELBO=-17.58018, p(x|z)=-6.17629, p(y|z)=-0.01269, KL=11.39120, time=2.95
Iter 4, ELBO=-17.47817, p(x|z)=-6.26777, p(y|z)=-0.01029, KL=11.20011, time=2.96
Iter 5, ELBO=-17.43035, p(x|z)=-6.14893, p(y|z)=-0.01052, KL=11.27090, time=3.04
Iter 6, ELBO=-17.62177, p(x|z)=-6.23704, p(y|z)=-0.01125, KL=11.37347, time=3.02
Iter 7, ELBO=-17.51605, p(x|z)=-6.20109, p(y|z)=-0.01126, KL=11.30370, time=2.98
Iter 8, ELBO=-17.48393, p(x|z)=-6.14940, p(y|z)=-0.01032, KL=11.32421, time=3.01
Iter 9, ELBO=-17.42377, p(x|z)=-6.16679, p(y|z)=-0.01000, KL=11.24698, time=3.01
Iter 10, ELBO=-17.38022, p(x|z)=-6.15908, p(y|z)=-0.01023, KL=11.21091, time=3.00
train data approx log likelihood logpxy=-24.03, bound=-17.26, time=96.50, beta=1.00
test data approx log likelihood logpxy=-29.88, bound=-23.00, time=44.30, beta=1.00
attack data approx log likelihood logpxy=-83.73, bound=-78.41, time=7.36, beta=1.00
parameters saved at save/pdf_conv_vae_F_512_beta_1_ll_xe/checkpoint_5.pkl
training for 10 epochs with lr=0.00010, beta=1.00
Iter 1, ELBO=-17.27365, p(x|z)=-6.13989, p(y|z)=-0.01024, KL=11.12352, time=3.00
Iter 2, ELBO=-17.42993, p(x|z)=-6.13189, p(y|z)=-0.01143, KL=11.28661, time=2.99
Iter 3, ELBO=-17.33792, p(x|z)=-6.17230, p(y|z)=-0.01196, KL=11.15366, time=3.03
Iter 4, ELBO=-17.32621, p(x|z)=-6.14859, p(y|z)=-0.01132, KL=11.16630, time=2.96
Iter 5, ELBO=-17.37934, p(x|z)=-6.08853, p(y|z)=-0.01014, KL=11.28067, time=3.01
Iter 6, ELBO=-17.36623, p(x|z)=-6.14741, p(y|z)=-0.01183, KL=11.20698, time=2.94
Iter 7, ELBO=-17.34325, p(x|z)=-6.06943, p(y|z)=-0.00935, KL=11.26447, time=3.00
Iter 8, ELBO=-17.32235, p(x|z)=-6.13711, p(y|z)=-0.01237, KL=11.17287, time=2.98
Iter 9, ELBO=-17.31894, p(x|z)=-6.07413, p(y|z)=-0.01058, KL=11.23423, time=2.95
Iter 10, ELBO=-17.23954, p(x|z)=-6.08948, p(y|z)=-0.01122, KL=11.13884, time=2.96
train data approx log likelihood logpxy=-23.84, bound=-17.03, time=95.99, beta=1.00
test data approx log likelihood logpxy=-29.69, bound=-23.03, time=44.41, beta=1.00
attack data approx log likelihood logpxy=-84.88, bound=-78.56, time=7.52, beta=1.00
parameters saved at save/pdf_conv_vae_F_512_beta_1_ll_xe/checkpoint_5.pkl
training for 10 epochs with lr=0.00010, beta=1.00
Iter 1, ELBO=-17.10946, p(x|z)=-5.98543, p(y|z)=-0.00953, KL=11.11450, time=3.02
Iter 2, ELBO=-17.17576, p(x|z)=-5.93452, p(y|z)=-0.00970, KL=11.23154, time=3.02
Iter 3, ELBO=-17.14673, p(x|z)=-6.00009, p(y|z)=-0.00897, KL=11.13767, time=2.98
Iter 4, ELBO=-17.22830, p(x|z)=-6.07997, p(y|z)=-0.01157, KL=11.13676, time=2.98
Iter 5, ELBO=-17.14298, p(x|z)=-5.85904, p(y|z)=-0.00804, KL=11.27590, time=2.99
Iter 6, ELBO=-17.11494, p(x|z)=-6.05294, p(y|z)=-0.00973, KL=11.05227, time=3.00
Iter 7, ELBO=-17.05577, p(x|z)=-5.94034, p(y|z)=-0.01037, KL=11.10506, time=2.93
Iter 8, ELBO=-17.01976, p(x|z)=-6.02114, p(y|z)=-0.01042, KL=10.98820, time=2.99
Iter 9, ELBO=-17.13350, p(x|z)=-5.92223, p(y|z)=-0.00990, KL=11.20137, time=3.00
Iter 10, ELBO=-16.98683, p(x|z)=-5.93713, p(y|z)=-0.01123, KL=11.03847, time=2.99
train data approx log likelihood logpxy=-23.98, bound=-16.81, time=97.01, beta=1.00
test data approx log likelihood logpxy=-30.01, bound=-22.94, time=44.56, beta=1.00
attack data approx log likelihood logpxy=-85.79, bound=-79.92, time=7.46, beta=1.00
parameters saved at save/pdf_conv_vae_F_512_beta_1_ll_xe/checkpoint_5.pkl
parameters saved at save/pdf_conv_vae_F_512_beta_1_ll_xe/checkpoint_5.pkl
PDF X_train shape: (13190, 3514)
PDF X_test shape: (6146, 3514)
PDF X_attack shape: (1600, 3514)
[0. 0. 0. ... 0. 0. 0.]
[0. 1.]
input_shape: (3514,)
dimX: 3514
X_ph.shape: (1000, 3514)
Y_ph.shape: (1000, 2)
X_train.shape: (13190, 3514)
Y_train.shape: (13190, 2)
param loaded 18
assign to 18 tensors..
no. of uninitialised variables 38 18
loaded parameters from save/pdf_conv_vae_F_512_beta_1_ll_xe/checkpoint_5.pkl
training for 10 epochs with lr=0.00010, beta=1.00
Iter 1, ELBO=-17.21913, p(x|z)=-6.13914, p(y|z)=-0.01081, KL=11.06918, time=3.24
Iter 2, ELBO=-16.98289, p(x|z)=-5.78708, p(y|z)=-0.01184, KL=11.18397, time=3.08
Iter 3, ELBO=-17.04371, p(x|z)=-5.96147, p(y|z)=-0.00952, KL=11.07272, time=3.03
Iter 4, ELBO=-16.94170, p(x|z)=-5.85697, p(y|z)=-0.01058, KL=11.07415, time=2.98
Iter 5, ELBO=-17.04956, p(x|z)=-5.89739, p(y|z)=-0.01163, KL=11.14054, time=2.97
Iter 6, ELBO=-16.81325, p(x|z)=-5.84620, p(y|z)=-0.01003, KL=10.95703, time=3.00
Iter 7, ELBO=-16.87476, p(x|z)=-5.78099, p(y|z)=-0.00898, KL=11.08478, time=3.00
Iter 8, ELBO=-16.80654, p(x|z)=-5.71703, p(y|z)=-0.00957, KL=11.07994, time=2.97
Iter 9, ELBO=-16.72801, p(x|z)=-5.72423, p(y|z)=-0.01082, KL=10.99296, time=3.01
Iter 10, ELBO=-16.78113, p(x|z)=-5.74567, p(y|z)=-0.01041, KL=11.02504, time=3.00
train data approx log likelihood logpxy=-23.78, bound=-16.61, time=168.23, beta=1.00
test data approx log likelihood logpxy=-29.81, bound=-22.68, time=84.81, beta=1.00
attack data approx log likelihood logpxy=-86.76, bound=-81.10, time=14.42, beta=1.00
parameters saved at save/pdf_conv_vae_F_512_beta_1_ll_xe/checkpoint_6.pkl
training for 10 epochs with lr=0.00010, beta=1.00
Iter 1, ELBO=-16.79296, p(x|z)=-5.88696, p(y|z)=-0.00936, KL=10.89665, time=7.75
Iter 2, ELBO=-16.78599, p(x|z)=-5.64436, p(y|z)=-0.00924, KL=11.13239, time=7.71
Iter 3, ELBO=-16.66623, p(x|z)=-5.74081, p(y|z)=-0.00971, KL=10.91571, time=7.73
Iter 4, ELBO=-16.66320, p(x|z)=-5.70153, p(y|z)=-0.01045, KL=10.95122, time=4.66
Iter 5, ELBO=-16.71087, p(x|z)=-5.69457, p(y|z)=-0.00809, KL=11.00822, time=3.00
Iter 6, ELBO=-16.69702, p(x|z)=-5.66946, p(y|z)=-0.00923, KL=11.01834, time=2.92
Iter 7, ELBO=-16.68333, p(x|z)=-5.70729, p(y|z)=-0.00899, KL=10.96705, time=2.95
Iter 8, ELBO=-16.51230, p(x|z)=-5.68069, p(y|z)=-0.00901, KL=10.82259, time=3.00
Iter 9, ELBO=-16.57147, p(x|z)=-5.69191, p(y|z)=-0.00942, KL=10.87014, time=2.93
Iter 10, ELBO=-16.51652, p(x|z)=-5.55585, p(y|z)=-0.00807, KL=10.95260, time=2.99
train data approx log likelihood logpxy=-23.73, bound=-16.42, time=96.17, beta=1.00
test data approx log likelihood logpxy=-29.95, bound=-22.73, time=44.35, beta=1.00
attack data approx log likelihood logpxy=-88.49, bound=-82.56, time=7.43, beta=1.00
parameters saved at save/pdf_conv_vae_F_512_beta_1_ll_xe/checkpoint_6.pkl
training for 10 epochs with lr=0.00010, beta=1.00
Iter 1, ELBO=-16.43472, p(x|z)=-5.51647, p(y|z)=-0.00931, KL=10.90893, time=2.99
Iter 2, ELBO=-16.60688, p(x|z)=-5.72852, p(y|z)=-0.01103, KL=10.86733, time=2.98
Iter 3, ELBO=-16.56251, p(x|z)=-5.56598, p(y|z)=-0.00892, KL=10.98762, time=2.95
Iter 4, ELBO=-16.41931, p(x|z)=-5.54452, p(y|z)=-0.01037, KL=10.86441, time=2.96
Iter 5, ELBO=-16.44916, p(x|z)=-5.58313, p(y|z)=-0.00992, KL=10.85612, time=3.02
Iter 6, ELBO=-16.37805, p(x|z)=-5.50427, p(y|z)=-0.00873, KL=10.86505, time=2.99
Iter 7, ELBO=-16.52837, p(x|z)=-5.62908, p(y|z)=-0.00972, KL=10.88956, time=2.97
Iter 8, ELBO=-16.45851, p(x|z)=-5.56172, p(y|z)=-0.01034, KL=10.88645, time=3.00
Iter 9, ELBO=-16.31735, p(x|z)=-5.52817, p(y|z)=-0.00737, KL=10.78181, time=3.01
Iter 10, ELBO=-16.34287, p(x|z)=-5.46912, p(y|z)=-0.00909, KL=10.86467, time=2.97
train data approx log likelihood logpxy=-23.53, bound=-16.13, time=96.64, beta=1.00
test data approx log likelihood logpxy=-29.77, bound=-22.60, time=44.68, beta=1.00
attack data approx log likelihood logpxy=-89.32, bound=-82.74, time=7.26, beta=1.00
parameters saved at save/pdf_conv_vae_F_512_beta_1_ll_xe/checkpoint_6.pkl
training for 10 epochs with lr=0.00010, beta=1.00
Iter 1, ELBO=-16.45413, p(x|z)=-5.55979, p(y|z)=-0.00831, KL=10.88602, time=2.91
Iter 2, ELBO=-16.34833, p(x|z)=-5.45918, p(y|z)=-0.00738, KL=10.88177, time=2.96
Iter 3, ELBO=-16.43798, p(x|z)=-5.63087, p(y|z)=-0.01052, KL=10.79659, time=2.97
Iter 4, ELBO=-16.36787, p(x|z)=-5.44354, p(y|z)=-0.00841, KL=10.91591, time=2.92
Iter 5, ELBO=-16.25783, p(x|z)=-5.48343, p(y|z)=-0.00853, KL=10.76587, time=2.99
Iter 6, ELBO=-16.22454, p(x|z)=-5.39070, p(y|z)=-0.00941, KL=10.82443, time=2.97
Iter 7, ELBO=-16.08120, p(x|z)=-5.41738, p(y|z)=-0.00881, KL=10.65501, time=3.13
Iter 8, ELBO=-16.26270, p(x|z)=-5.52431, p(y|z)=-0.01055, KL=10.72784, time=2.95
Iter 9, ELBO=-16.22904, p(x|z)=-5.29412, p(y|z)=-0.00929, KL=10.92564, time=2.96
Iter 10, ELBO=-16.21258, p(x|z)=-5.45111, p(y|z)=-0.01090, KL=10.75057, time=2.99
train data approx log likelihood logpxy=-23.35, bound=-15.99, time=96.38, beta=1.00
test data approx log likelihood logpxy=-29.68, bound=-22.11, time=44.95, beta=1.00
attack data approx log likelihood logpxy=-90.22, bound=-83.72, time=7.45, beta=1.00
parameters saved at save/pdf_conv_vae_F_512_beta_1_ll_xe/checkpoint_6.pkl
training for 10 epochs with lr=0.00010, beta=1.00
Iter 1, ELBO=-16.07010, p(x|z)=-5.41077, p(y|z)=-0.00889, KL=10.65044, time=2.95
Iter 2, ELBO=-16.15632, p(x|z)=-5.31724, p(y|z)=-0.00856, KL=10.83052, time=2.99
Iter 3, ELBO=-16.19367, p(x|z)=-5.37931, p(y|z)=-0.00894, KL=10.80541, time=3.02
Iter 4, ELBO=-16.10900, p(x|z)=-5.39337, p(y|z)=-0.00784, KL=10.70780, time=2.95
Iter 5, ELBO=-16.10179, p(x|z)=-5.24264, p(y|z)=-0.00753, KL=10.85162, time=2.98
Iter 6, ELBO=-16.05629, p(x|z)=-5.38970, p(y|z)=-0.01008, KL=10.65651, time=2.94
Iter 7, ELBO=-16.02301, p(x|z)=-5.28457, p(y|z)=-0.00829, KL=10.73016, time=2.96
Iter 8, ELBO=-15.96379, p(x|z)=-5.32072, p(y|z)=-0.00986, KL=10.63320, time=2.99
Iter 9, ELBO=-16.03777, p(x|z)=-5.37465, p(y|z)=-0.00791, KL=10.65521, time=2.97
Iter 10, ELBO=-15.96726, p(x|z)=-5.22134, p(y|z)=-0.00905, KL=10.73686, time=2.99
train data approx log likelihood logpxy=-23.37, bound=-15.65, time=96.42, beta=1.00
test data approx log likelihood logpxy=-29.84, bound=-21.98, time=44.51, beta=1.00
attack data approx log likelihood logpxy=-91.60, bound=-85.89, time=7.33, beta=1.00
parameters saved at save/pdf_conv_vae_F_512_beta_1_ll_xe/checkpoint_6.pkl
training for 10 epochs with lr=0.00010, beta=1.00
Iter 1, ELBO=-15.97055, p(x|z)=-5.38579, p(y|z)=-0.00974, KL=10.57502, time=2.99
Iter 2, ELBO=-15.83082, p(x|z)=-5.11735, p(y|z)=-0.00873, KL=10.70474, time=3.01
Iter 3, ELBO=-15.91568, p(x|z)=-5.30412, p(y|z)=-0.01069, KL=10.60087, time=2.96
Iter 4, ELBO=-15.84700, p(x|z)=-5.24147, p(y|z)=-0.00980, KL=10.59573, time=3.03
Iter 5, ELBO=-15.84842, p(x|z)=-5.17441, p(y|z)=-0.00790, KL=10.66611, time=2.96
Iter 6, ELBO=-15.77436, p(x|z)=-5.26220, p(y|z)=-0.00970, KL=10.50246, time=2.95
Iter 7, ELBO=-15.88094, p(x|z)=-5.26262, p(y|z)=-0.00927, KL=10.60905, time=3.02
Iter 8, ELBO=-15.92845, p(x|z)=-5.27640, p(y|z)=-0.00779, KL=10.64426, time=2.99
Iter 9, ELBO=-15.93037, p(x|z)=-5.22100, p(y|z)=-0.00772, KL=10.70165, time=2.93
Iter 10, ELBO=-15.79852, p(x|z)=-5.14214, p(y|z)=-0.00905, KL=10.64733, time=3.01
train data approx log likelihood logpxy=-23.09, bound=-15.69, time=96.07, beta=1.00
test data approx log likelihood logpxy=-29.57, bound=-22.25, time=44.33, beta=1.00
attack data approx log likelihood logpxy=-91.85, bound=-86.48, time=7.43, beta=1.00
parameters saved at save/pdf_conv_vae_F_512_beta_1_ll_xe/checkpoint_6.pkl
training for 10 epochs with lr=0.00010, beta=1.00
Iter 1, ELBO=-15.74242, p(x|z)=-5.10120, p(y|z)=-0.00834, KL=10.63288, time=3.02
Iter 2, ELBO=-15.68809, p(x|z)=-5.20510, p(y|z)=-0.00860, KL=10.47438, time=2.91
Iter 3, ELBO=-15.71207, p(x|z)=-5.01273, p(y|z)=-0.00794, KL=10.69140, time=2.98
Iter 4, ELBO=-15.68268, p(x|z)=-5.26627, p(y|z)=-0.00920, KL=10.40722, time=3.04
Iter 5, ELBO=-15.65894, p(x|z)=-5.11730, p(y|z)=-0.00811, KL=10.53353, time=2.92
Iter 6, ELBO=-15.64372, p(x|z)=-5.10689, p(y|z)=-0.00779, KL=10.52905, time=2.98
Iter 7, ELBO=-15.58320, p(x|z)=-5.04322, p(y|z)=-0.00798, KL=10.53200, time=3.03
Iter 8, ELBO=-15.64195, p(x|z)=-5.02522, p(y|z)=-0.00790, KL=10.60884, time=2.93
Iter 9, ELBO=-15.56886, p(x|z)=-5.06530, p(y|z)=-0.00760, KL=10.49596, time=2.97
Iter 10, ELBO=-15.70346, p(x|z)=-5.12081, p(y|z)=-0.00831, KL=10.57434, time=3.00
train data approx log likelihood logpxy=-23.05, bound=-15.37, time=96.28, beta=1.00
test data approx log likelihood logpxy=-29.65, bound=-22.11, time=44.69, beta=1.00
attack data approx log likelihood logpxy=-92.38, bound=-86.37, time=7.40, beta=1.00
parameters saved at save/pdf_conv_vae_F_512_beta_1_ll_xe/checkpoint_6.pkl
training for 10 epochs with lr=0.00010, beta=1.00
Iter 1, ELBO=-15.58023, p(x|z)=-5.11851, p(y|z)=-0.00917, KL=10.45255, time=2.99
Iter 2, ELBO=-15.63668, p(x|z)=-4.99367, p(y|z)=-0.00686, KL=10.63614, time=2.97
Iter 3, ELBO=-15.66934, p(x|z)=-5.20927, p(y|z)=-0.00798, KL=10.45209, time=3.00
Iter 4, ELBO=-15.63235, p(x|z)=-5.07696, p(y|z)=-0.00710, KL=10.54829, time=3.00
Iter 5, ELBO=-15.57136, p(x|z)=-4.96886, p(y|z)=-0.00976, KL=10.59274, time=2.96
Iter 6, ELBO=-15.56011, p(x|z)=-5.08459, p(y|z)=-0.00846, KL=10.46706, time=2.97
Iter 7, ELBO=-15.51980, p(x|z)=-4.98923, p(y|z)=-0.00727, KL=10.52330, time=3.05
Iter 8, ELBO=-15.59367, p(x|z)=-5.11056, p(y|z)=-0.00666, KL=10.47645, time=2.95
Iter 9, ELBO=-15.57012, p(x|z)=-4.91967, p(y|z)=-0.00938, KL=10.64107, time=2.95
Iter 10, ELBO=-15.35528, p(x|z)=-4.95630, p(y|z)=-0.00769, KL=10.39128, time=3.03
train data approx log likelihood logpxy=-23.15, bound=-15.31, time=96.75, beta=1.00
test data approx log likelihood logpxy=-29.87, bound=-22.04, time=44.24, beta=1.00
attack data approx log likelihood logpxy=-93.39, bound=-86.67, time=7.31, beta=1.00
parameters saved at save/pdf_conv_vae_F_512_beta_1_ll_xe/checkpoint_6.pkl
training for 10 epochs with lr=0.00010, beta=1.00
Iter 1, ELBO=-15.46611, p(x|z)=-4.93932, p(y|z)=-0.00827, KL=10.51852, time=2.91
Iter 2, ELBO=-15.48953, p(x|z)=-4.99573, p(y|z)=-0.00793, KL=10.48587, time=2.97
Iter 3, ELBO=-15.35582, p(x|z)=-4.93417, p(y|z)=-0.00816, KL=10.41349, time=2.99
Iter 4, ELBO=-15.38776, p(x|z)=-4.87953, p(y|z)=-0.00814, KL=10.50009, time=2.94
Iter 5, ELBO=-15.42487, p(x|z)=-4.96092, p(y|z)=-0.00856, KL=10.45538, time=2.97
Iter 6, ELBO=-15.38011, p(x|z)=-4.90526, p(y|z)=-0.00923, KL=10.46561, time=2.96
Iter 7, ELBO=-15.33532, p(x|z)=-4.90686, p(y|z)=-0.00718, KL=10.42128, time=2.91
Iter 8, ELBO=-15.28555, p(x|z)=-4.92694, p(y|z)=-0.00833, KL=10.35028, time=2.99
Iter 9, ELBO=-15.38360, p(x|z)=-4.95029, p(y|z)=-0.00761, KL=10.42570, time=3.05
Iter 10, ELBO=-15.33073, p(x|z)=-4.89973, p(y|z)=-0.00933, KL=10.42167, time=2.93
train data approx log likelihood logpxy=-23.24, bound=-15.03, time=96.41, beta=1.00
test data approx log likelihood logpxy=-29.95, bound=-22.07, time=44.35, beta=1.00
attack data approx log likelihood logpxy=-95.38, bound=-88.55, time=7.47, beta=1.00
parameters saved at save/pdf_conv_vae_F_512_beta_1_ll_xe/checkpoint_6.pkl
training for 10 epochs with lr=0.00010, beta=1.00
Iter 1, ELBO=-15.32462, p(x|z)=-4.91716, p(y|z)=-0.00853, KL=10.39893, time=3.03
Iter 2, ELBO=-15.30164, p(x|z)=-4.80621, p(y|z)=-0.00723, KL=10.48820, time=2.94
Iter 3, ELBO=-15.20289, p(x|z)=-4.92809, p(y|z)=-0.00865, KL=10.26614, time=2.98
Iter 4, ELBO=-15.22403, p(x|z)=-4.83624, p(y|z)=-0.00728, KL=10.38051, time=2.99
Iter 5, ELBO=-15.34845, p(x|z)=-4.87725, p(y|z)=-0.00711, KL=10.46409, time=2.97
Iter 6, ELBO=-15.16911, p(x|z)=-4.82770, p(y|z)=-0.00894, KL=10.33246, time=2.96
Iter 7, ELBO=-15.22369, p(x|z)=-4.78068, p(y|z)=-0.00780, KL=10.43521, time=3.00
Iter 8, ELBO=-15.28915, p(x|z)=-4.93188, p(y|z)=-0.00717, KL=10.35010, time=2.96
Iter 9, ELBO=-15.15321, p(x|z)=-4.76144, p(y|z)=-0.00659, KL=10.38518, time=2.97
Iter 10, ELBO=-15.26949, p(x|z)=-4.86573, p(y|z)=-0.00767, KL=10.39608, time=3.02
train data approx log likelihood logpxy=-22.99, bound=-15.05, time=96.85, beta=1.00
test data approx log likelihood logpxy=-29.79, bound=-21.98, time=44.77, beta=1.00
attack data approx log likelihood logpxy=-96.31, bound=-89.98, time=7.48, beta=1.00
parameters saved at save/pdf_conv_vae_F_512_beta_1_ll_xe/checkpoint_6.pkl
parameters saved at save/pdf_conv_vae_F_512_beta_1_ll_xe/checkpoint_6.pkl
