PDF X_train shape: (13190, 3514)
PDF X_test shape: (6146, 3514)
PDF X_attack shape: (1600, 3514)
[0. 0. 0. ... 0. 0. 0.]
[0. 1.]
input_shape: (3514,)
dimX: 3514
X_ph.shape: (1000, 3514)
Y_ph.shape: (1000, 2)
X_train.shape: (13190, 3514)
Y_train.shape: (13190, 2)
param loaded 18
assign to 18 tensors..
no. of uninitialised variables 38 18
loaded parameters from save/pdf_conv_vae_F_512_beta_1_ll_xe/checkpoint_0.pkl
training for 10 epochs with lr=0.00010, beta=1.00
Iter 1, ELBO=-46.07717, p(x|z)=-31.01387, p(y|z)=-0.05911, KL=15.00419, time=2.85
Iter 2, ELBO=-45.62698, p(x|z)=-30.60664, p(y|z)=-0.06194, KL=14.95840, time=2.63
Iter 3, ELBO=-45.29682, p(x|z)=-30.01612, p(y|z)=-0.06114, KL=15.21956, time=2.62
Iter 4, ELBO=-44.92212, p(x|z)=-29.79651, p(y|z)=-0.05743, KL=15.06819, time=2.63
Iter 5, ELBO=-44.41927, p(x|z)=-29.27168, p(y|z)=-0.05961, KL=15.08798, time=2.62
Iter 6, ELBO=-44.10384, p(x|z)=-29.12679, p(y|z)=-0.05895, KL=14.91810, time=2.63
Iter 7, ELBO=-43.71378, p(x|z)=-28.71769, p(y|z)=-0.05415, KL=14.94194, time=2.74
Iter 8, ELBO=-43.57957, p(x|z)=-28.51225, p(y|z)=-0.05434, KL=15.01298, time=2.66
Iter 9, ELBO=-43.21126, p(x|z)=-28.23738, p(y|z)=-0.05421, KL=14.91967, time=2.64
Iter 10, ELBO=-43.26754, p(x|z)=-28.21121, p(y|z)=-0.05543, KL=15.00090, time=2.69
train data approx log likelihood logpxy=-46.33, bound=-42.79, time=95.34, beta=1.00
test data approx log likelihood logpxy=-46.99, bound=-43.22, time=52.23, beta=1.00
attack data approx log likelihood logpxy=-66.68, bound=-63.90, time=7.16, beta=1.00
parameters saved at save/pdf_conv_vae_F_512_beta_1_ll_xe/checkpoint_1.pkl
training for 10 epochs with lr=0.00010, beta=1.00
Iter 1, ELBO=-43.21040, p(x|z)=-28.01678, p(y|z)=-0.05733, KL=15.13629, time=3.01
Iter 2, ELBO=-42.71396, p(x|z)=-27.61873, p(y|z)=-0.05455, KL=15.04068, time=2.84
Iter 3, ELBO=-42.53386, p(x|z)=-27.44703, p(y|z)=-0.05674, KL=15.03008, time=2.83
Iter 4, ELBO=-42.45526, p(x|z)=-27.20326, p(y|z)=-0.05589, KL=15.19611, time=2.79
Iter 5, ELBO=-42.14950, p(x|z)=-27.16048, p(y|z)=-0.05155, KL=14.93748, time=2.87
Iter 6, ELBO=-42.16636, p(x|z)=-26.94039, p(y|z)=-0.05505, KL=15.17092, time=3.16
Iter 7, ELBO=-41.86214, p(x|z)=-26.55099, p(y|z)=-0.05407, KL=15.25708, time=3.22
Iter 8, ELBO=-41.51825, p(x|z)=-26.47438, p(y|z)=-0.05562, KL=14.98825, time=3.05
Iter 9, ELBO=-41.44062, p(x|z)=-26.23224, p(y|z)=-0.05368, KL=15.15470, time=3.05
Iter 10, ELBO=-41.20943, p(x|z)=-25.95706, p(y|z)=-0.05124, KL=15.20112, time=2.99
train data approx log likelihood logpxy=-44.33, bound=-40.51, time=104.64, beta=1.00
test data approx log likelihood logpxy=-45.22, bound=-41.49, time=51.31, beta=1.00
attack data approx log likelihood logpxy=-66.23, bound=-64.05, time=9.07, beta=1.00
parameters saved at save/pdf_conv_vae_F_512_beta_1_ll_xe/checkpoint_1.pkl
training for 10 epochs with lr=0.00010, beta=1.00
Iter 1, ELBO=-41.14824, p(x|z)=-26.04800, p(y|z)=-0.05509, KL=15.04514, time=3.39
Iter 2, ELBO=-40.86725, p(x|z)=-25.55145, p(y|z)=-0.05170, KL=15.26410, time=3.48
Iter 3, ELBO=-40.82505, p(x|z)=-25.57008, p(y|z)=-0.05332, KL=15.20165, time=3.46
Iter 4, ELBO=-40.51064, p(x|z)=-25.17711, p(y|z)=-0.04898, KL=15.28454, time=3.44
Iter 5, ELBO=-40.43543, p(x|z)=-25.10749, p(y|z)=-0.05463, KL=15.27332, time=3.68
Iter 6, ELBO=-40.01302, p(x|z)=-24.72433, p(y|z)=-0.05028, KL=15.23841, time=3.12
Iter 7, ELBO=-40.38123, p(x|z)=-25.08979, p(y|z)=-0.05187, KL=15.23957, time=3.55
Iter 8, ELBO=-39.91104, p(x|z)=-24.58898, p(y|z)=-0.05311, KL=15.26895, time=3.86
Iter 9, ELBO=-39.65682, p(x|z)=-24.28807, p(y|z)=-0.05148, KL=15.31728, time=3.24
Iter 10, ELBO=-39.60793, p(x|z)=-24.30874, p(y|z)=-0.05202, KL=15.24717, time=3.75
train data approx log likelihood logpxy=-42.87, bound=-39.09, time=102.91, beta=1.00
test data approx log likelihood logpxy=-43.80, bound=-39.98, time=46.25, beta=1.00
attack data approx log likelihood logpxy=-66.37, bound=-62.59, time=7.59, beta=1.00
parameters saved at save/pdf_conv_vae_F_512_beta_1_ll_xe/checkpoint_1.pkl
training for 10 epochs with lr=0.00010, beta=1.00
Iter 1, ELBO=-39.34831, p(x|z)=-24.03789, p(y|z)=-0.04955, KL=15.26087, time=2.70
Iter 2, ELBO=-39.22136, p(x|z)=-23.88725, p(y|z)=-0.04734, KL=15.28677, time=2.68
Iter 3, ELBO=-38.92777, p(x|z)=-23.54210, p(y|z)=-0.04741, KL=15.33826, time=3.14
Iter 4, ELBO=-38.92416, p(x|z)=-23.46248, p(y|z)=-0.04953, KL=15.41215, time=3.42
Iter 5, ELBO=-38.60742, p(x|z)=-23.26124, p(y|z)=-0.04714, KL=15.29904, time=3.92
Iter 6, ELBO=-38.67769, p(x|z)=-23.30521, p(y|z)=-0.04544, KL=15.32704, time=4.23
Iter 7, ELBO=-38.42682, p(x|z)=-23.09773, p(y|z)=-0.04915, KL=15.27994, time=3.79
Iter 8, ELBO=-38.24111, p(x|z)=-22.81176, p(y|z)=-0.04788, KL=15.38147, time=3.78
Iter 9, ELBO=-38.18189, p(x|z)=-22.77417, p(y|z)=-0.05070, KL=15.35701, time=3.93
Iter 10, ELBO=-38.17817, p(x|z)=-22.72340, p(y|z)=-0.04515, KL=15.40961, time=3.83
train data approx log likelihood logpxy=-41.44, bound=-37.37, time=103.73, beta=1.00
test data approx log likelihood logpxy=-42.57, bound=-38.84, time=44.59, beta=1.00
attack data approx log likelihood logpxy=-66.19, bound=-61.84, time=7.65, beta=1.00
parameters saved at save/pdf_conv_vae_F_512_beta_1_ll_xe/checkpoint_1.pkl
training for 10 epochs with lr=0.00010, beta=1.00
Iter 1, ELBO=-37.81855, p(x|z)=-22.32572, p(y|z)=-0.04652, KL=15.44631, time=2.95
Iter 2, ELBO=-37.95540, p(x|z)=-22.45825, p(y|z)=-0.04851, KL=15.44864, time=2.61
Iter 3, ELBO=-37.68513, p(x|z)=-22.20437, p(y|z)=-0.04263, KL=15.43813, time=2.99
Iter 4, ELBO=-37.47873, p(x|z)=-22.08577, p(y|z)=-0.04295, KL=15.35001, time=2.61
Iter 5, ELBO=-37.49736, p(x|z)=-22.00853, p(y|z)=-0.04518, KL=15.44365, time=2.58
Iter 6, ELBO=-37.36460, p(x|z)=-21.77700, p(y|z)=-0.04458, KL=15.54301, time=2.66
Iter 7, ELBO=-37.19047, p(x|z)=-21.78343, p(y|z)=-0.04744, KL=15.35961, time=3.03
Iter 8, ELBO=-37.06527, p(x|z)=-21.59079, p(y|z)=-0.04594, KL=15.42854, time=2.73
Iter 9, ELBO=-37.03771, p(x|z)=-21.39705, p(y|z)=-0.04675, KL=15.59392, time=2.84
Iter 10, ELBO=-36.80724, p(x|z)=-21.32584, p(y|z)=-0.04598, KL=15.43543, time=2.82
train data approx log likelihood logpxy=-40.21, bound=-36.13, time=95.32, beta=1.00
test data approx log likelihood logpxy=-41.59, bound=-37.55, time=43.45, beta=1.00
attack data approx log likelihood logpxy=-66.36, bound=-62.21, time=6.66, beta=1.00
parameters saved at save/pdf_conv_vae_F_512_beta_1_ll_xe/checkpoint_1.pkl
training for 10 epochs with lr=0.00010, beta=1.00
Iter 1, ELBO=-36.78120, p(x|z)=-21.36667, p(y|z)=-0.04306, KL=15.37148, time=2.59
Iter 2, ELBO=-36.71539, p(x|z)=-21.05655, p(y|z)=-0.04456, KL=15.61428, time=2.60
Iter 3, ELBO=-36.61844, p(x|z)=-21.04802, p(y|z)=-0.04395, KL=15.52647, time=2.60
Iter 4, ELBO=-36.52204, p(x|z)=-20.84121, p(y|z)=-0.04503, KL=15.63580, time=2.59
Iter 5, ELBO=-36.37073, p(x|z)=-20.86652, p(y|z)=-0.04343, KL=15.46077, time=2.59
Iter 6, ELBO=-36.33060, p(x|z)=-20.84603, p(y|z)=-0.04274, KL=15.44184, time=2.58
Iter 7, ELBO=-36.18066, p(x|z)=-20.66832, p(y|z)=-0.04135, KL=15.47099, time=2.59
Iter 8, ELBO=-35.97002, p(x|z)=-20.41413, p(y|z)=-0.04038, KL=15.51551, time=2.56
Iter 9, ELBO=-35.95193, p(x|z)=-20.36851, p(y|z)=-0.04312, KL=15.54030, time=2.58
Iter 10, ELBO=-35.76126, p(x|z)=-20.31585, p(y|z)=-0.04132, KL=15.40408, time=2.58
train data approx log likelihood logpxy=-39.35, bound=-35.16, time=89.39, beta=1.00
test data approx log likelihood logpxy=-40.89, bound=-36.81, time=40.19, beta=1.00
attack data approx log likelihood logpxy=-66.60, bound=-63.62, time=6.75, beta=1.00
parameters saved at save/pdf_conv_vae_F_512_beta_1_ll_xe/checkpoint_1.pkl
training for 10 epochs with lr=0.00010, beta=1.00
Iter 1, ELBO=-35.84706, p(x|z)=-20.11028, p(y|z)=-0.04534, KL=15.69144, time=2.59
Iter 2, ELBO=-35.55683, p(x|z)=-20.06714, p(y|z)=-0.04626, KL=15.44342, time=2.63
Iter 3, ELBO=-35.61929, p(x|z)=-19.99412, p(y|z)=-0.04253, KL=15.58263, time=2.60
Iter 4, ELBO=-35.50934, p(x|z)=-19.99831, p(y|z)=-0.04210, KL=15.46894, time=2.61
Iter 5, ELBO=-35.34566, p(x|z)=-19.90144, p(y|z)=-0.04005, KL=15.40417, time=2.61
Iter 6, ELBO=-35.32098, p(x|z)=-19.69199, p(y|z)=-0.03736, KL=15.59164, time=2.61
Iter 7, ELBO=-35.19626, p(x|z)=-19.54681, p(y|z)=-0.03933, KL=15.61013, time=2.60
Iter 8, ELBO=-35.13789, p(x|z)=-19.63662, p(y|z)=-0.04606, KL=15.45521, time=2.59
Iter 9, ELBO=-35.13243, p(x|z)=-19.50006, p(y|z)=-0.04473, KL=15.58764, time=2.60
Iter 10, ELBO=-34.95211, p(x|z)=-19.30046, p(y|z)=-0.03911, KL=15.61255, time=2.62
train data approx log likelihood logpxy=-38.71, bound=-34.68, time=87.31, beta=1.00
test data approx log likelihood logpxy=-40.36, bound=-36.51, time=41.26, beta=1.00
attack data approx log likelihood logpxy=-66.38, bound=-62.32, time=6.88, beta=1.00
parameters saved at save/pdf_conv_vae_F_512_beta_1_ll_xe/checkpoint_1.pkl
training for 10 epochs with lr=0.00010, beta=1.00
Iter 1, ELBO=-34.90273, p(x|z)=-19.40393, p(y|z)=-0.04126, KL=15.45755, time=2.59
Iter 2, ELBO=-34.76291, p(x|z)=-19.19041, p(y|z)=-0.03948, KL=15.53301, time=2.58
Iter 3, ELBO=-34.68310, p(x|z)=-19.03384, p(y|z)=-0.04189, KL=15.60737, time=2.74
Iter 4, ELBO=-34.69882, p(x|z)=-19.13471, p(y|z)=-0.04265, KL=15.52145, time=2.74
Iter 5, ELBO=-34.64748, p(x|z)=-18.98509, p(y|z)=-0.04255, KL=15.61984, time=2.59
Iter 6, ELBO=-34.54789, p(x|z)=-18.95147, p(y|z)=-0.04027, KL=15.55615, time=2.58
Iter 7, ELBO=-34.63207, p(x|z)=-18.87327, p(y|z)=-0.04038, KL=15.71842, time=2.83
Iter 8, ELBO=-34.04102, p(x|z)=-18.50968, p(y|z)=-0.03645, KL=15.49489, time=2.89
Iter 9, ELBO=-34.15270, p(x|z)=-18.67722, p(y|z)=-0.03903, KL=15.43645, time=2.96
Iter 10, ELBO=-34.32656, p(x|z)=-18.62233, p(y|z)=-0.03938, KL=15.66485, time=3.14
train data approx log likelihood logpxy=-37.97, bound=-33.67, time=91.57, beta=1.00
test data approx log likelihood logpxy=-39.88, bound=-35.87, time=40.44, beta=1.00
attack data approx log likelihood logpxy=-66.90, bound=-62.46, time=6.80, beta=1.00
parameters saved at save/pdf_conv_vae_F_512_beta_1_ll_xe/checkpoint_1.pkl
training for 10 epochs with lr=0.00010, beta=1.00
Iter 1, ELBO=-33.96803, p(x|z)=-18.35421, p(y|z)=-0.04132, KL=15.57250, time=2.61
Iter 2, ELBO=-34.08600, p(x|z)=-18.47562, p(y|z)=-0.03697, KL=15.57341, time=2.59
Iter 3, ELBO=-33.81261, p(x|z)=-18.18571, p(y|z)=-0.04091, KL=15.58599, time=2.58
Iter 4, ELBO=-33.67544, p(x|z)=-18.15782, p(y|z)=-0.03965, KL=15.47798, time=2.57
Iter 5, ELBO=-33.93066, p(x|z)=-18.25734, p(y|z)=-0.03627, KL=15.63704, time=2.60
Iter 6, ELBO=-33.67352, p(x|z)=-18.07178, p(y|z)=-0.03895, KL=15.56279, time=2.58
Iter 7, ELBO=-33.66953, p(x|z)=-18.08148, p(y|z)=-0.03985, KL=15.54821, time=2.58
Iter 8, ELBO=-33.72246, p(x|z)=-18.21232, p(y|z)=-0.03985, KL=15.47030, time=2.59
Iter 9, ELBO=-33.57723, p(x|z)=-17.83439, p(y|z)=-0.03403, KL=15.70882, time=2.60
Iter 10, ELBO=-33.67259, p(x|z)=-17.99241, p(y|z)=-0.03969, KL=15.64048, time=2.58
train data approx log likelihood logpxy=-37.33, bound=-32.89, time=87.21, beta=1.00
test data approx log likelihood logpxy=-39.37, bound=-35.10, time=39.89, beta=1.00
attack data approx log likelihood logpxy=-66.94, bound=-63.09, time=6.64, beta=1.00
parameters saved at save/pdf_conv_vae_F_512_beta_1_ll_xe/checkpoint_1.pkl
training for 10 epochs with lr=0.00010, beta=1.00
Iter 1, ELBO=-33.66906, p(x|z)=-17.83245, p(y|z)=-0.03869, KL=15.79793, time=2.61
Iter 2, ELBO=-33.41551, p(x|z)=-17.85962, p(y|z)=-0.03805, KL=15.51784, time=2.57
Iter 3, ELBO=-33.28753, p(x|z)=-17.69341, p(y|z)=-0.03621, KL=15.55791, time=2.58
Iter 4, ELBO=-33.13914, p(x|z)=-17.40410, p(y|z)=-0.03588, KL=15.69916, time=2.58
Iter 5, ELBO=-33.01967, p(x|z)=-17.43853, p(y|z)=-0.03678, KL=15.54436, time=2.57
Iter 6, ELBO=-33.06446, p(x|z)=-17.46881, p(y|z)=-0.03642, KL=15.55924, time=2.59
Iter 7, ELBO=-33.05738, p(x|z)=-17.41937, p(y|z)=-0.03946, KL=15.59854, time=2.61
Iter 8, ELBO=-32.80732, p(x|z)=-17.36926, p(y|z)=-0.03980, KL=15.39827, time=2.58
Iter 9, ELBO=-33.17196, p(x|z)=-17.31816, p(y|z)=-0.03715, KL=15.81665, time=2.58
Iter 10, ELBO=-32.82041, p(x|z)=-17.21074, p(y|z)=-0.03453, KL=15.57514, time=2.81
train data approx log likelihood logpxy=-36.72, bound=-32.20, time=90.56, beta=1.00
test data approx log likelihood logpxy=-38.89, bound=-34.63, time=41.83, beta=1.00
attack data approx log likelihood logpxy=-67.21, bound=-63.07, time=7.05, beta=1.00
parameters saved at save/pdf_conv_vae_F_512_beta_1_ll_xe/checkpoint_1.pkl
parameters saved at save/pdf_conv_vae_F_512_beta_1_ll_xe/checkpoint_1.pkl
